This is XeTeX, Version 3.14159265-2.6-0.999992 (TeX Live 2020) (preloaded format=xelatex 2020.11.7)  2 DEC 2020 17:11
entering extended mode
 restricted \write18 enabled.
 %&-line parsing enabled.
**Statistical-Methods-I.tex
(./Statistical-Methods-I.tex
LaTeX2e <2020-10-01> patch level 2
L3 programming layer <2020-10-27> xparse <2020-03-03> (/Users/dls354/Library/Ti
nyTeX/texmf-dist/tex/latex/base/book.cls
Document Class: book 2020/04/10 v1.4m Standard LaTeX document class
(/Users/dls354/Library/TinyTeX/texmf-dist/tex/latex/base/bk10.clo
File: bk10.clo 2020/04/10 v1.4m Standard LaTeX file (size option)
)
\c@part=\count171
\c@chapter=\count172
\c@section=\count173
\c@subsection=\count174
\c@subsubsection=\count175
\c@paragraph=\count176
\c@subparagraph=\count177
\c@figure=\count178
\c@table=\count179
\abovecaptionskip=\skip47
\belowcaptionskip=\skip48
\bibindent=\dimen138
) (/Users/dls354/Library/TinyTeX/texmf-dist/tex/latex/lm/lmodern.sty
Package: lmodern 2009/10/30 v1.6 Latin Modern Fonts
LaTeX Font Info:    Overwriting symbol font `operators' in version `normal'
(Font)                  OT1/cmr/m/n --> OT1/lmr/m/n on input line 22.
LaTeX Font Info:    Overwriting symbol font `letters' in version `normal'
(Font)                  OML/cmm/m/it --> OML/lmm/m/it on input line 23.
LaTeX Font Info:    Overwriting symbol font `symbols' in version `normal'
(Font)                  OMS/cmsy/m/n --> OMS/lmsy/m/n on input line 24.
LaTeX Font Info:    Overwriting symbol font `largesymbols' in version `normal'
(Font)                  OMX/cmex/m/n --> OMX/lmex/m/n on input line 25.
LaTeX Font Info:    Overwriting symbol font `operators' in version `bold'
(Font)                  OT1/cmr/bx/n --> OT1/lmr/bx/n on input line 26.
LaTeX Font Info:    Overwriting symbol font `letters' in version `bold'
(Font)                  OML/cmm/b/it --> OML/lmm/b/it on input line 27.
LaTeX Font Info:    Overwriting symbol font `symbols' in version `bold'
(Font)                  OMS/cmsy/b/n --> OMS/lmsy/b/n on input line 28.
LaTeX Font Info:    Overwriting symbol font `largesymbols' in version `bold'
(Font)                  OMX/cmex/m/n --> OMX/lmex/m/n on input line 29.
LaTeX Font Info:    Overwriting math alphabet `\mathbf' in version `normal'
(Font)                  OT1/cmr/bx/n --> OT1/lmr/bx/n on input line 31.
LaTeX Font Info:    Overwriting math alphabet `\mathsf' in version `normal'
(Font)                  OT1/cmss/m/n --> OT1/lmss/m/n on input line 32.
LaTeX Font Info:    Overwriting math alphabet `\mathit' in version `normal'
(Font)                  OT1/cmr/m/it --> OT1/lmr/m/it on input line 33.
LaTeX Font Info:    Overwriting math alphabet `\mathtt' in version `normal'
(Font)                  OT1/cmtt/m/n --> OT1/lmtt/m/n on input line 34.
LaTeX Font Info:    Overwriting math alphabet `\mathbf' in version `bold'
(Font)                  OT1/cmr/bx/n --> OT1/lmr/bx/n on input line 35.
LaTeX Font Info:    Overwriting math alphabet `\mathsf' in version `bold'
(Font)                  OT1/cmss/bx/n --> OT1/lmss/bx/n on input line 36.
LaTeX Font Info:    Overwriting math alphabet `\mathit' in version `bold'
(Font)                  OT1/cmr/bx/it --> OT1/lmr/bx/it on input line 37.
LaTeX Font Info:    Overwriting math alphabet `\mathtt' in version `bold'
(Font)                  OT1/cmtt/m/n --> OT1/lmtt/m/n on input line 38.
) (/Users/dls354/Library/TinyTeX/texmf-dist/tex/latex/amsfonts/amssymb.sty
Package: amssymb 2013/01/14 v3.01 AMS font symbols
(/Users/dls354/Library/TinyTeX/texmf-dist/tex/latex/amsfonts/amsfonts.sty
Package: amsfonts 2013/01/14 v3.01 Basic AMSFonts support
\@emptytoks=\toks15
\symAMSa=\mathgroup4
\symAMSb=\mathgroup5
LaTeX Font Info:    Redeclaring math symbol \hbar on input line 98.
LaTeX Font Info:    Overwriting math alphabet `\mathfrak' in version `bold'
(Font)                  U/euf/m/n --> U/euf/b/n on input line 106.
)) (/Users/dls354/Library/TinyTeX/texmf-dist/tex/latex/amsmath/amsmath.sty
Package: amsmath 2020/09/23 v2.17i AMS math features
\@mathmargin=\skip49
For additional information on amsmath, use the `?' option.
(/Users/dls354/Library/TinyTeX/texmf-dist/tex/latex/amsmath/amstext.sty
Package: amstext 2000/06/29 v2.01 AMS text
(/Users/dls354/Library/TinyTeX/texmf-dist/tex/latex/amsmath/amsgen.sty
File: amsgen.sty 1999/11/30 v2.0 generic functions
\@emptytoks=\toks16
\ex@=\dimen139
)) (/Users/dls354/Library/TinyTeX/texmf-dist/tex/latex/amsmath/amsbsy.sty
Package: amsbsy 1999/11/29 v1.2d Bold Symbols
\pmbraise@=\dimen140
) (/Users/dls354/Library/TinyTeX/texmf-dist/tex/latex/amsmath/amsopn.sty
Package: amsopn 2016/03/08 v2.02 operator names
)
\inf@bad=\count180
LaTeX Info: Redefining \frac on input line 234.
\uproot@=\count181
\leftroot@=\count182
LaTeX Info: Redefining \overline on input line 399.
\classnum@=\count183
\DOTSCASE@=\count184
LaTeX Info: Redefining \ldots on input line 496.
LaTeX Info: Redefining \dots on input line 499.
LaTeX Info: Redefining \cdots on input line 620.
\Mathstrutbox@=\box47
\strutbox@=\box48
\big@size=\dimen141
LaTeX Font Info:    Redeclaring font encoding OML on input line 743.
LaTeX Font Info:    Redeclaring font encoding OMS on input line 744.
\macc@depth=\count185
\c@MaxMatrixCols=\count186
\dotsspace@=\muskip16
\c@parentequation=\count187
\dspbrk@lvl=\count188
\tag@help=\toks17
\row@=\count189
\column@=\count190
\maxfields@=\count191
\andhelp@=\toks18
\eqnshift@=\dimen142
\alignsep@=\dimen143
\tagshift@=\dimen144
\tagwidth@=\dimen145
\totwidth@=\dimen146
\lineht@=\dimen147
\@envbody=\toks19
\multlinegap=\skip50
\multlinetaggap=\skip51
\mathdisplay@stack=\toks20
LaTeX Info: Redefining \[ on input line 2923.
LaTeX Info: Redefining \] on input line 2924.
) (/Users/dls354/Library/TinyTeX/texmf-dist/tex/generic/iftex/ifxetex.sty
Package: ifxetex 2019/10/25 v0.7 ifxetex legacy package. Use iftex instead.
(/Users/dls354/Library/TinyTeX/texmf-dist/tex/generic/iftex/iftex.sty
Package: iftex 2020/03/06 v1.0d TeX engine tests
)) (/Users/dls354/Library/TinyTeX/texmf-dist/tex/generic/iftex/ifluatex.sty
Package: ifluatex 2019/10/25 v1.5 ifluatex legacy package. Use iftex instead.
) (/Users/dls354/Library/TinyTeX/texmf-dist/tex/latex/base/fixltx2e.sty
Package: fixltx2e 2016/12/29 v2.1a fixes to LaTeX (obsolete)
Applying: [2015/01/01] Old fixltx2e package on input line 46.

Package fixltx2e Warning: fixltx2e is not required with releases after 2015
(fixltx2e)                All fixes are now in the LaTeX kernel.
(fixltx2e)                See the latexrelease package for details.

Already applied: [0000/00/00] Old fixltx2e package on input line 53.
)
(/Users/dls354/Library/TinyTeX/texmf-dist/tex/latex/unicode-math/unicode-math.s
ty (/Users/dls354/Library/TinyTeX/texmf-dist/tex/latex/l3kernel/expl3.sty
Package: expl3 2020-10-27 L3 programming layer (loader) 

(/Users/dls354/Library/TinyTeX/texmf-dist/tex/latex/l3backend/l3backend-xetex.d
ef
File: l3backend-xetex.def 2020-09-24 L3 backend support: XeTeX
\g__graphics_track_int=\count192
\l__pdf_internal_box=\box49
\g__pdf_backend_object_int=\count193
\g__pdf_backend_annotation_int=\count194
))
Package: unicode-math 2020/01/31 v0.8q Unicode maths in XeLaTeX and LuaLaTeX

(/Users/dls354/Library/TinyTeX/texmf-dist/tex/latex/unicode-math/unicode-math-x
etex.sty
Package: unicode-math-xetex 2020/01/31 v0.8q Unicode maths in XeLaTeX and LuaLa
TeX

(/Users/dls354/Library/TinyTeX/texmf-dist/tex/latex/l3packages/xparse/xparse.st
y
Package: xparse 2020-10-27 L3 Experimental document command parser

(/Users/dls354/Library/TinyTeX/texmf-dist/tex/latex/l3packages/xparse/xparse-ge
neric.tex))
(/Users/dls354/Library/TinyTeX/texmf-dist/tex/latex/l3packages/l3keys2e/l3keys2
e.sty
Package: l3keys2e 2020-10-27 LaTeX2e option processing using LaTeX3 keys
) (/Users/dls354/Library/TinyTeX/texmf-dist/tex/latex/fontspec/fontspec.sty
Package: fontspec 2020/02/21 v2.7i Font selection for XeLaTeX and LuaLaTeX

(/Users/dls354/Library/TinyTeX/texmf-dist/tex/latex/fontspec/fontspec-xetex.sty
Package: fontspec-xetex 2020/02/21 v2.7i Font selection for XeLaTeX and LuaLaTe
X
\l__fontspec_script_int=\count195
\l__fontspec_language_int=\count196
\l__fontspec_strnum_int=\count197
\l__fontspec_tmp_int=\count198
\l__fontspec_tmpa_int=\count199
\l__fontspec_tmpb_int=\count266
\l__fontspec_tmpc_int=\count267
\l__fontspec_em_int=\count268
\l__fontspec_emdef_int=\count269
\l__fontspec_strong_int=\count270
\l__fontspec_strongdef_int=\count271
\l__fontspec_tmpa_dim=\dimen148
\l__fontspec_tmpb_dim=\dimen149
\l__fontspec_tmpc_dim=\dimen150
(/Users/dls354/Library/TinyTeX/texmf-dist/tex/latex/base/fontenc.sty
Package: fontenc 2020/08/10 v2.0s Standard LaTeX package
) (/Users/dls354/Library/TinyTeX/texmf-dist/tex/latex/fontspec/fontspec.cfg))) 
(/Users/dls354/Library/TinyTeX/texmf-dist/tex/latex/base/fix-cm.sty
Package: fix-cm 2015/01/14 v1.1t fixes to LaTeX
(/Users/dls354/Library/TinyTeX/texmf-dist/tex/latex/base/ts1enc.def
File: ts1enc.def 2001/06/05 v3.0e (jk/car/fm) Standard LaTeX file
LaTeX Font Info:    Redeclaring font encoding TS1 on input line 47.
))
\g__um_fam_int=\count272
\g__um_fonts_used_int=\count273
\l__um_primecount_int=\count274
\g__um_primekern_muskip=\muskip17

(/Users/dls354/Library/TinyTeX/texmf-dist/tex/latex/unicode-math/unicode-math-t
able.tex))) (/Users/dls354/Library/TinyTeX/texmf-dist/tex/latex/upquote/upquote
.sty
Package: upquote 2012/04/19 v1.3 upright-quote and grave-accent glyphs in verba
tim
(/Users/dls354/Library/TinyTeX/texmf-dist/tex/latex/base/textcomp.sty
Package: textcomp 2020/02/02 v2.0n Standard LaTeX package
)) (/Users/dls354/Library/TinyTeX/texmf-dist/tex/latex/hyperref/hyperref.sty
Package: hyperref 2020-05-15 v7.00e Hypertext links for LaTeX
(/Users/dls354/Library/TinyTeX/texmf-dist/tex/generic/ltxcmds/ltxcmds.sty
Package: ltxcmds 2020-05-10 v1.25 LaTeX kernel commands for general use (HO)
)
(/Users/dls354/Library/TinyTeX/texmf-dist/tex/generic/pdftexcmds/pdftexcmds.sty
Package: pdftexcmds 2020-06-27 v0.33 Utility functions of pdfTeX for LuaTeX (HO
)
(/Users/dls354/Library/TinyTeX/texmf-dist/tex/generic/infwarerr/infwarerr.sty
Package: infwarerr 2019/12/03 v1.5 Providing info/warning/error messages (HO)
)
Package pdftexcmds Info: \pdf@primitive is available.
Package pdftexcmds Info: \pdf@ifprimitive is available.
Package pdftexcmds Info: \pdfdraftmode not found.
) (/Users/dls354/Library/TinyTeX/texmf-dist/tex/latex/graphics/keyval.sty
Package: keyval 2014/10/28 v1.15 key=value parser (DPC)
\KV@toks@=\toks21
) (/Users/dls354/Library/TinyTeX/texmf-dist/tex/generic/kvsetkeys/kvsetkeys.sty
Package: kvsetkeys 2019/12/15 v1.18 Key value parser (HO)
)
(/Users/dls354/Library/TinyTeX/texmf-dist/tex/generic/kvdefinekeys/kvdefinekeys
.sty
Package: kvdefinekeys 2019-12-19 v1.6 Define keys (HO)
) (/Users/dls354/Library/TinyTeX/texmf-dist/tex/generic/pdfescape/pdfescape.sty
Package: pdfescape 2019/12/09 v1.15 Implements pdfTeX's escape features (HO)
) (/Users/dls354/Library/TinyTeX/texmf-dist/tex/latex/hycolor/hycolor.sty
Package: hycolor 2020-01-27 v1.10 Color options for hyperref/bookmark (HO)
)
(/Users/dls354/Library/TinyTeX/texmf-dist/tex/latex/letltxmacro/letltxmacro.sty
Package: letltxmacro 2019/12/03 v1.6 Let assignment for LaTeX macros (HO)
) (/Users/dls354/Library/TinyTeX/texmf-dist/tex/latex/auxhook/auxhook.sty
Package: auxhook 2019-12-17 v1.6 Hooks for auxiliary files (HO)
) (/Users/dls354/Library/TinyTeX/texmf-dist/tex/latex/kvoptions/kvoptions.sty
Package: kvoptions 2020-10-07 v3.14 Key value format for package options (HO)
)
\@linkdim=\dimen151
\Hy@linkcounter=\count275
\Hy@pagecounter=\count276
(/Users/dls354/Library/TinyTeX/texmf-dist/tex/latex/hyperref/pd1enc.def
File: pd1enc.def 2020-05-15 v7.00e Hyperref: PDFDocEncoding definition (HO)
) (/Users/dls354/Library/TinyTeX/texmf-dist/tex/generic/intcalc/intcalc.sty
Package: intcalc 2019/12/15 v1.3 Expandable calculations with integers (HO)
) (/Users/dls354/Library/TinyTeX/texmf-dist/tex/generic/etexcmds/etexcmds.sty
Package: etexcmds 2019/12/15 v1.7 Avoid name clashes with e-TeX commands (HO)
)
\Hy@SavedSpaceFactor=\count277
Package hyperref Info: Option `unicode' set `true' on input line 4338.
(/Users/dls354/Library/TinyTeX/texmf-dist/tex/latex/hyperref/puenc.def
File: puenc.def 2020-05-15 v7.00e Hyperref: PDF Unicode definition (HO)
)
Package hyperref Info: Hyper figures OFF on input line 4464.
Package hyperref Info: Link nesting OFF on input line 4469.
Package hyperref Info: Hyper index ON on input line 4472.
Package hyperref Info: Plain pages OFF on input line 4479.
Package hyperref Info: Backreferencing OFF on input line 4484.
Package hyperref Info: Implicit mode ON; LaTeX internals redefined.
Package hyperref Info: Bookmarks ON on input line 4717.
\c@Hy@tempcnt=\count278
(/Users/dls354/Library/TinyTeX/texmf-dist/tex/latex/url/url.sty
\Urlmuskip=\muskip18
Package: url 2013/09/16  ver 3.4  Verb mode for urls, etc.
)
LaTeX Info: Redefining \url on input line 5076.
\XeTeXLinkMargin=\dimen152
(/Users/dls354/Library/TinyTeX/texmf-dist/tex/generic/bitset/bitset.sty
Package: bitset 2019/12/09 v1.3 Handle bit-vector datatype (HO)

(/Users/dls354/Library/TinyTeX/texmf-dist/tex/generic/bigintcalc/bigintcalc.sty
Package: bigintcalc 2019/12/15 v1.5 Expandable calculations on big integers (HO
)
))
\Fld@menulength=\count279
\Field@Width=\dimen153
\Fld@charsize=\dimen154
Package hyperref Info: Hyper figures OFF on input line 6347.
Package hyperref Info: Link nesting OFF on input line 6352.
Package hyperref Info: Hyper index ON on input line 6355.
Package hyperref Info: backreferencing OFF on input line 6362.
Package hyperref Info: Link coloring OFF on input line 6367.
Package hyperref Info: Link coloring with OCG OFF on input line 6372.
Package hyperref Info: PDF/A mode OFF on input line 6377.
LaTeX Info: Redefining \ref on input line 6417.
LaTeX Info: Redefining \pageref on input line 6421.
(/Users/dls354/Library/TinyTeX/texmf-dist/tex/latex/base/atbegshi-ltx.sty
Package: atbegshi-ltx 2020/08/17 v1.0a Emulation of the original atbegshi packa
ge
with kernel methods
)
\Hy@abspage=\count280
\c@Item=\count281
\c@Hfootnote=\count282
)
Package hyperref Info: Driver (autodetected): hxetex.
(/Users/dls354/Library/TinyTeX/texmf-dist/tex/latex/hyperref/hxetex.def
File: hxetex.def 2020-05-15 v7.00e Hyperref driver for XeTeX
(/Users/dls354/Library/TinyTeX/texmf-dist/tex/generic/stringenc/stringenc.sty
Package: stringenc 2019/11/29 v1.12 Convert strings between diff. encodings (HO
)
)
\pdfm@box=\box50
\c@Hy@AnnotLevel=\count283
\HyField@AnnotCount=\count284
\Fld@listcount=\count285
\c@bookmark@seq@number=\count286

(/Users/dls354/Library/TinyTeX/texmf-dist/tex/latex/rerunfilecheck/rerunfileche
ck.sty
Package: rerunfilecheck 2019/12/05 v1.9 Rerun checks for auxiliary files (HO)
(/Users/dls354/Library/TinyTeX/texmf-dist/tex/latex/base/atveryend-ltx.sty
Package: atveryend-ltx 2020/08/19 v1.0a Emulation of the original atvery packag
e
with kernel methods
)
(/Users/dls354/Library/TinyTeX/texmf-dist/tex/generic/uniquecounter/uniquecount
er.sty
Package: uniquecounter 2019/12/15 v1.4 Provide unlimited unique counter (HO)
)
Package uniquecounter Info: New unique counter `rerunfilecheck' on input line 2
86.
)
\Hy@SectionHShift=\skip52
)
Package hyperref Info: Option `breaklinks' set `true' on input line 35.
(/Users/dls354/Library/TinyTeX/texmf-dist/tex/latex/graphics/color.sty
Package: color 2020/02/24 v1.2b Standard LaTeX Color (DPC)
(/Users/dls354/Library/TinyTeX/texmf-dist/tex/latex/graphics-cfg/color.cfg
File: color.cfg 2016/01/02 v1.6 sample color configuration
)
Package color Info: Driver file: xetex.def on input line 147.
(/Users/dls354/Library/TinyTeX/texmf-dist/tex/latex/graphics-def/xetex.def
File: xetex.def 2020/08/26 v5.0i Graphics/color driver for xetex
)) (/Users/dls354/Library/TinyTeX/texmf-dist/tex/latex/fancyvrb/fancyvrb.sty
Package: fancyvrb 2020/05/03 v3.6 verbatim text (tvz,hv)
\FV@CodeLineNo=\count287
\FV@InFile=\read2
\FV@TabBox=\box51
\c@FancyVerbLine=\count288
\FV@StepNumber=\count289
\FV@OutFile=\write3
) (/Users/dls354/Library/TinyTeX/texmf-dist/tex/latex/framed/framed.sty
Package: framed 2011/10/22 v 0.96: framed or shaded text with page breaks
\OuterFrameSep=\skip53
\fb@frw=\dimen155
\fb@frh=\dimen156
\FrameRule=\dimen157
\FrameSep=\dimen158
) (/Users/dls354/Library/TinyTeX/texmf-dist/tex/latex/tools/longtable.sty
Package: longtable 2020/01/07 v4.13 Multi-page Table package (DPC)
\LTleft=\skip54
\LTright=\skip55
\LTpre=\skip56
\LTpost=\skip57
\LTchunksize=\count290
\LTcapwidth=\dimen159
\LT@head=\box52
\LT@firsthead=\box53
\LT@foot=\box54
\LT@lastfoot=\box55
\LT@cols=\count291
\LT@rows=\count292
\c@LT@tables=\count293
\c@LT@chunks=\count294
\LT@p@ftn=\toks22
) (/Users/dls354/Library/TinyTeX/texmf-dist/tex/latex/booktabs/booktabs.sty
Package: booktabs 2020/01/12 v1.61803398 Publication quality tables
\heavyrulewidth=\dimen160
\lightrulewidth=\dimen161
\cmidrulewidth=\dimen162
\belowrulesep=\dimen163
\belowbottomsep=\dimen164
\aboverulesep=\dimen165
\abovetopsep=\dimen166
\cmidrulesep=\dimen167
\cmidrulekern=\dimen168
\defaultaddspace=\dimen169
\@cmidla=\count295
\@cmidlb=\count296
\@aboverulesep=\dimen170
\@belowrulesep=\dimen171
\@thisruleclass=\count297
\@lastruleclass=\count298
\@thisrulewidth=\dimen172
) (/Users/dls354/Library/TinyTeX/texmf-dist/tex/latex/mdwtools/footnote.sty
Package: footnote 1997/01/28 1.13 Save footnotes around boxes
\fn@notes=\box56
\fn@width=\dimen173
) (/Users/dls354/Library/TinyTeX/texmf-dist/tex/latex/graphics/graphicx.sty
Package: graphicx 2020/09/09 v1.2b Enhanced LaTeX Graphics (DPC,SPQR)
(/Users/dls354/Library/TinyTeX/texmf-dist/tex/latex/graphics/graphics.sty
Package: graphics 2020/08/30 v1.4c Standard LaTeX Graphics (DPC,SPQR)
(/Users/dls354/Library/TinyTeX/texmf-dist/tex/latex/graphics/trig.sty
Package: trig 2016/01/03 v1.10 sin cos tan (DPC)
) (/Users/dls354/Library/TinyTeX/texmf-dist/tex/latex/graphics-cfg/graphics.cfg
File: graphics.cfg 2016/06/04 v1.11 sample graphics configuration
)
Package graphics Info: Driver file: xetex.def on input line 105.
)
\Gin@req@height=\dimen174
\Gin@req@width=\dimen175
) (/Users/dls354/Library/TinyTeX/texmf-dist/tex/latex/grffile/grffile.sty
Package: grffile 2019/11/11 v2.1 Extended file name support for graphics (legac
y)
Package grffile Info: This package is an empty stub for compatibility on input 
line 40.
) (/Users/dls354/Library/TinyTeX/texmf-dist/tex/latex/natbib/natbib.sty
Package: natbib 2010/09/13 8.31b (PWD, AO)
\bibhang=\skip58
\bibsep=\skip59
LaTeX Info: Redefining \cite on input line 694.
\c@NAT@ctr=\count299
) (./Statistical-Methods-I.aux)
\openout1 = `Statistical-Methods-I.aux'.

LaTeX Font Info:    Checking defaults for OML/cmm/m/it on input line 116.
LaTeX Font Info:    ... okay on input line 116.
LaTeX Font Info:    Checking defaults for OMS/cmsy/m/n on input line 116.
LaTeX Font Info:    ... okay on input line 116.
LaTeX Font Info:    Checking defaults for OT1/cmr/m/n on input line 116.
LaTeX Font Info:    ... okay on input line 116.
LaTeX Font Info:    Checking defaults for T1/cmr/m/n on input line 116.
LaTeX Font Info:    ... okay on input line 116.
LaTeX Font Info:    Checking defaults for TS1/cmr/m/n on input line 116.
LaTeX Font Info:    ... okay on input line 116.
LaTeX Font Info:    Checking defaults for TU/lmr/m/n on input line 116.
LaTeX Font Info:    ... okay on input line 116.
LaTeX Font Info:    Checking defaults for OMX/cmex/m/n on input line 116.
LaTeX Font Info:    ... okay on input line 116.
LaTeX Font Info:    Checking defaults for U/cmr/m/n on input line 116.
LaTeX Font Info:    ... okay on input line 116.
LaTeX Font Info:    Checking defaults for PD1/pdf/m/n on input line 116.
LaTeX Font Info:    ... okay on input line 116.
LaTeX Font Info:    Checking defaults for PU/pdf/m/n on input line 116.
LaTeX Font Info:    ... okay on input line 116.
LaTeX Font Info:    Overwriting math alphabet `\mathrm' in version `normal'
(Font)                  OT1/lmr/m/n --> TU/lmr/m/n on input line 116.
LaTeX Font Info:    Overwriting math alphabet `\mathit' in version `normal'
(Font)                  OT1/lmr/m/it --> TU/lmr/m/it on input line 116.
LaTeX Font Info:    Overwriting math alphabet `\mathbf' in version `normal'
(Font)                  OT1/lmr/bx/n --> TU/lmr/bx/n on input line 116.
LaTeX Font Info:    Overwriting math alphabet `\mathsf' in version `normal'
(Font)                  OT1/lmss/m/n --> TU/lmss/m/n on input line 116.
LaTeX Font Info:    Overwriting math alphabet `\mathsf' in version `bold'
(Font)                  OT1/lmss/bx/n --> TU/lmss/bx/n on input line 116.
LaTeX Font Info:    Overwriting math alphabet `\mathtt' in version `normal'
(Font)                  OT1/lmtt/m/n --> TU/lmtt/m/n on input line 116.
LaTeX Font Info:    Overwriting math alphabet `\mathtt' in version `bold'
(Font)                  OT1/lmtt/m/n --> TU/lmtt/bx/n on input line 116.

Package fontspec Info: latinmodern-math scale = 0.9999964596882403.


Package fontspec Info: latinmodern-math scale = 0.9999964596882403.


Package fontspec Info: latinmodern-math scale = 0.9999964596882403.


Package fontspec Info: Font family 'latinmodern-math.otf(0)' created for font
(fontspec)             'latinmodern-math.otf' with options
(fontspec)             [Ligatures=TeX,Scale=MatchLowercase,BoldItalicFont={},It
alicFont={},SmallCapsFont={},Script=Math,BoldFont={latinmodern-math.otf}].
(fontspec)              
(fontspec)              This font family consists of the following NFSS
(fontspec)             series/shapes:
(fontspec)              
(fontspec)             - 'normal' (m/n) with NFSS spec.:
(fontspec)             <->s*[0.9999964596882403]"[latinmodern-math.otf]/OT:scri
pt=math;language=dflt;mapping=tex-text;"
(fontspec)             - 'small caps'  (m/sc) with NFSS spec.: 
(fontspec)             - 'bold' (b/n) with NFSS spec.:
(fontspec)             <->s*[0.9999964596882403]"[latinmodern-math.otf]/OT:scri
pt=math;language=dflt;mapping=tex-text;"
(fontspec)             - 'bold small caps'  (b/sc) with NFSS spec.: 

LaTeX Font Info:    Font shape `TU/latinmodern-math.otf(0)/m/n' will be
(Font)              scaled to size 10.0pt on input line 116.

Package fontspec Info: latinmodern-math scale = 0.9999964596882403.


Package fontspec Info: latinmodern-math scale = 0.9999964596882403.


Package fontspec Info: latinmodern-math scale = 0.9999964596882403.


Package fontspec Info: latinmodern-math scale = 0.9999964596882403.


Package fontspec Info: latinmodern-math scale = 0.9999964596882403.


Package fontspec Info: Font family 'latinmodern-math.otf(1)' created for font
(fontspec)             'latinmodern-math.otf' with options
(fontspec)             [Ligatures=TeX,Scale=MatchLowercase,BoldItalicFont={},It
alicFont={},SmallCapsFont={},Script=Math,SizeFeatures={{Size=8.5-},{Size=6-8.5,
Font=latinmodern-math.otf,Style=MathScript},{Size=-6,Font=latinmodern-math.otf,
Style=MathScriptScript}},BoldFont={latinmodern-math.otf}].
(fontspec)              
(fontspec)              This font family consists of the following NFSS
(fontspec)             series/shapes:
(fontspec)              
(fontspec)             - 'normal' (m/n) with NFSS spec.:
(fontspec)             <8.5->s*[0.9999964596882403]"[latinmodern-math.otf]/OT:s
cript=math;language=dflt;mapping=tex-text;"<6-8.5>s*[0.9999964596882403]"[latin
modern-math.otf]/OT:script=math;language=dflt;+ssty=0;mapping=tex-text;"<-6>s*[
0.9999964596882403]"[latinmodern-math.otf]/OT:script=math;language=dflt;+ssty=1
;mapping=tex-text;"
(fontspec)             - 'small caps'  (m/sc) with NFSS spec.: 
(fontspec)             - 'bold' (b/n) with NFSS spec.:
(fontspec)             <->s*[0.9999964596882403]"[latinmodern-math.otf]/OT:scri
pt=math;language=dflt;mapping=tex-text;"
(fontspec)             - 'bold small caps'  (b/sc) with NFSS spec.: 

LaTeX Font Info:    Font shape `TU/latinmodern-math.otf(1)/m/n' will be
(Font)              scaled to size 10.0pt on input line 116.
LaTeX Font Info:    Encoding `OT1' has changed to `TU' for symbol font
(Font)              `operators' in the math version `normal' on input line 116.

LaTeX Font Info:    Overwriting symbol font `operators' in version `normal'
(Font)                  OT1/lmr/m/n --> TU/latinmodern-math.otf(1)/m/n on input
 line 116.
LaTeX Font Info:    Encoding `OT1' has changed to `TU' for symbol font
(Font)              `operators' in the math version `bold' on input line 116.
LaTeX Font Info:    Overwriting symbol font `operators' in version `bold'
(Font)                  OT1/lmr/bx/n --> TU/latinmodern-math.otf(1)/b/n on inpu
t line 116.

Package fontspec Info: latinmodern-math scale = 0.9999964596882403.


Package fontspec Info: latinmodern-math scale = 1.000096459334209.


Package fontspec Info: latinmodern-math scale = 0.9999964596882403.


Package fontspec Info: latinmodern-math scale = 1.000096459334209.


Package fontspec Info: latinmodern-math scale = 0.9999964596882403.


Package fontspec Info: latinmodern-math scale = 1.000096459334209.


Package fontspec Info: latinmodern-math scale = 0.9999964596882403.


Package fontspec Info: latinmodern-math scale = 1.000096459334209.


Package fontspec Info: latinmodern-math scale = 0.9999964596882403.


Package fontspec Info: latinmodern-math scale = 1.000096459334209.


Package fontspec Info: Font family 'latinmodern-math.otf(2)' created for font
(fontspec)             'latinmodern-math.otf' with options
(fontspec)             [Ligatures=TeX,Scale=MatchLowercase,BoldItalicFont={},It
alicFont={},SmallCapsFont={},Script=Math,SizeFeatures={{Size=8.5-},{Size=6-8.5,
Font=latinmodern-math.otf,Style=MathScript},{Size=-6,Font=latinmodern-math.otf,
Style=MathScriptScript}},BoldFont={latinmodern-math.otf},ScaleAgain=1.0001,Font
Adjustment={\fontdimen
(fontspec)             8\font =6.77pt\relax \fontdimen 9\font =3.94pt\relax
(fontspec)             \fontdimen 10\font =4.44pt\relax \fontdimen 11\font
(fontspec)             =6.86pt\relax \fontdimen 12\font =3.45pt\relax
(fontspec)             \fontdimen 13\font =3.63pt\relax \fontdimen 14\font
(fontspec)             =3.63pt\relax \fontdimen 15\font =2.89pt\relax
(fontspec)             \fontdimen 16\font =2.47pt\relax \fontdimen 17\font
(fontspec)             =2.47pt\relax \fontdimen 18\font =2.5pt\relax
(fontspec)             \fontdimen 19\font =2.0pt\relax \fontdimen 22\font
(fontspec)             =2.5pt\relax \fontdimen 20\font =0pt\relax \fontdimen
(fontspec)             21\font =0pt\relax }].
(fontspec)              
(fontspec)              This font family consists of the following NFSS
(fontspec)             series/shapes:
(fontspec)              
(fontspec)             - 'normal' (m/n) with NFSS spec.:
(fontspec)             <8.5->s*[1.000096459334209]"[latinmodern-math.otf]/OT:sc
ript=math;language=dflt;mapping=tex-text;"<6-8.5>s*[1.000096459334209]"[latinmo
dern-math.otf]/OT:script=math;language=dflt;+ssty=0;mapping=tex-text;"<-6>s*[1.
000096459334209]"[latinmodern-math.otf]/OT:script=math;language=dflt;+ssty=1;ma
pping=tex-text;"
(fontspec)             - 'small caps'  (m/sc) with NFSS spec.: 
(fontspec)             and font adjustment code:
(fontspec)             \fontdimen 8\font =6.77pt\relax \fontdimen 9\font
(fontspec)             =3.94pt\relax \fontdimen 10\font =4.44pt\relax
(fontspec)             \fontdimen 11\font =6.86pt\relax \fontdimen 12\font
(fontspec)             =3.45pt\relax \fontdimen 13\font =3.63pt\relax
(fontspec)             \fontdimen 14\font =3.63pt\relax \fontdimen 15\font
(fontspec)             =2.89pt\relax \fontdimen 16\font =2.47pt\relax
(fontspec)             \fontdimen 17\font =2.47pt\relax \fontdimen 18\font
(fontspec)             =2.5pt\relax \fontdimen 19\font =2.0pt\relax \fontdimen
(fontspec)             22\font =2.5pt\relax \fontdimen 20\font =0pt\relax
(fontspec)             \fontdimen 21\font =0pt\relax 
(fontspec)             - 'bold' (b/n) with NFSS spec.:
(fontspec)             <->s*[1.000096459334209]"[latinmodern-math.otf]/OT:scrip
t=math;language=dflt;mapping=tex-text;"
(fontspec)             - 'bold small caps'  (b/sc) with NFSS spec.: 
(fontspec)             and font adjustment code:
(fontspec)             \fontdimen 8\font =6.77pt\relax \fontdimen 9\font
(fontspec)             =3.94pt\relax \fontdimen 10\font =4.44pt\relax
(fontspec)             \fontdimen 11\font =6.86pt\relax \fontdimen 12\font
(fontspec)             =3.45pt\relax \fontdimen 13\font =3.63pt\relax
(fontspec)             \fontdimen 14\font =3.63pt\relax \fontdimen 15\font
(fontspec)             =2.89pt\relax \fontdimen 16\font =2.47pt\relax
(fontspec)             \fontdimen 17\font =2.47pt\relax \fontdimen 18\font
(fontspec)             =2.5pt\relax \fontdimen 19\font =2.0pt\relax \fontdimen
(fontspec)             22\font =2.5pt\relax \fontdimen 20\font =0pt\relax
(fontspec)             \fontdimen 21\font =0pt\relax 

LaTeX Font Info:    Encoding `OMS' has changed to `TU' for symbol font
(Font)              `symbols' in the math version `normal' on input line 116.
LaTeX Font Info:    Overwriting symbol font `symbols' in version `normal'
(Font)                  OMS/lmsy/m/n --> TU/latinmodern-math.otf(2)/m/n on inpu
t line 116.
LaTeX Font Info:    Encoding `OMS' has changed to `TU' for symbol font
(Font)              `symbols' in the math version `bold' on input line 116.
LaTeX Font Info:    Overwriting symbol font `symbols' in version `bold'
(Font)                  OMS/lmsy/b/n --> TU/latinmodern-math.otf(2)/b/n on inpu
t line 116.

Package fontspec Info: latinmodern-math scale = 0.9999964596882403.


Package fontspec Info: latinmodern-math scale = 0.9998964600422715.


Package fontspec Info: latinmodern-math scale = 0.9999964596882403.


Package fontspec Info: latinmodern-math scale = 0.9998964600422715.


Package fontspec Info: latinmodern-math scale = 0.9999964596882403.


Package fontspec Info: latinmodern-math scale = 0.9998964600422715.


Package fontspec Info: latinmodern-math scale = 0.9999964596882403.


Package fontspec Info: latinmodern-math scale = 0.9998964600422715.


Package fontspec Info: latinmodern-math scale = 0.9999964596882403.


Package fontspec Info: latinmodern-math scale = 0.9998964600422715.


Package fontspec Info: Font family 'latinmodern-math.otf(3)' created for font
(fontspec)             'latinmodern-math.otf' with options
(fontspec)             [Ligatures=TeX,Scale=MatchLowercase,BoldItalicFont={},It
alicFont={},SmallCapsFont={},Script=Math,SizeFeatures={{Size=8.5-},{Size=6-8.5,
Font=latinmodern-math.otf,Style=MathScript},{Size=-6,Font=latinmodern-math.otf,
Style=MathScriptScript}},BoldFont={latinmodern-math.otf},ScaleAgain=0.9999,Font
Adjustment={\fontdimen
(fontspec)             8\font =0.4pt\relax \fontdimen 9\font =2.0pt\relax
(fontspec)             \fontdimen 10\font =1.67pt\relax \fontdimen 11\font
(fontspec)             =1.11pt\relax \fontdimen 12\font =6.0pt\relax
(fontspec)             \fontdimen 13\font =0pt\relax }].
(fontspec)              
(fontspec)              This font family consists of the following NFSS
(fontspec)             series/shapes:
(fontspec)              
(fontspec)             - 'normal' (m/n) with NFSS spec.:
(fontspec)             <8.5->s*[0.9998964600422715]"[latinmodern-math.otf]/OT:s
cript=math;language=dflt;mapping=tex-text;"<6-8.5>s*[0.9998964600422715]"[latin
modern-math.otf]/OT:script=math;language=dflt;+ssty=0;mapping=tex-text;"<-6>s*[
0.9998964600422715]"[latinmodern-math.otf]/OT:script=math;language=dflt;+ssty=1
;mapping=tex-text;"
(fontspec)             - 'small caps'  (m/sc) with NFSS spec.: 
(fontspec)             and font adjustment code:
(fontspec)             \fontdimen 8\font =0.4pt\relax \fontdimen 9\font
(fontspec)             =2.0pt\relax \fontdimen 10\font =1.67pt\relax
(fontspec)             \fontdimen 11\font =1.11pt\relax \fontdimen 12\font
(fontspec)             =6.0pt\relax \fontdimen 13\font =0pt\relax 
(fontspec)             - 'bold' (b/n) with NFSS spec.:
(fontspec)             <->s*[0.9998964600422715]"[latinmodern-math.otf]/OT:scri
pt=math;language=dflt;mapping=tex-text;"
(fontspec)             - 'bold small caps'  (b/sc) with NFSS spec.: 
(fontspec)             and font adjustment code:
(fontspec)             \fontdimen 8\font =0.4pt\relax \fontdimen 9\font
(fontspec)             =2.0pt\relax \fontdimen 10\font =1.67pt\relax
(fontspec)             \fontdimen 11\font =1.11pt\relax \fontdimen 12\font
(fontspec)             =6.0pt\relax \fontdimen 13\font =0pt\relax 

LaTeX Font Info:    Encoding `OMX' has changed to `TU' for symbol font
(Font)              `largesymbols' in the math version `normal' on input line 1
16.
LaTeX Font Info:    Overwriting symbol font `largesymbols' in version `normal'
(Font)                  OMX/lmex/m/n --> TU/latinmodern-math.otf(3)/m/n on inpu
t line 116.
LaTeX Font Info:    Encoding `OMX' has changed to `TU' for symbol font
(Font)              `largesymbols' in the math version `bold' on input line 116
.
LaTeX Font Info:    Overwriting symbol font `largesymbols' in version `bold'
(Font)                  OMX/lmex/m/n --> TU/latinmodern-math.otf(3)/b/n on inpu
t line 116.
Package hyperref Info: Link coloring OFF on input line 116.
(/Users/dls354/Library/TinyTeX/texmf-dist/tex/latex/hyperref/nameref.sty
Package: nameref 2019/09/16 v2.46 Cross-referencing by name of section
(/Users/dls354/Library/TinyTeX/texmf-dist/tex/latex/refcount/refcount.sty
Package: refcount 2019/12/15 v3.6 Data extraction from label references (HO)
)
(/Users/dls354/Library/TinyTeX/texmf-dist/tex/generic/gettitlestring/gettitlest
ring.sty
Package: gettitlestring 2019/12/15 v1.6 Cleanup title references (HO)
)
\c@section@level=\count300
)
LaTeX Info: Redefining \ref on input line 116.
LaTeX Info: Redefining \pageref on input line 116.
LaTeX Info: Redefining \nameref on input line 116.
(./Statistical-Methods-I.out) (./Statistical-Methods-I.out)
\@outlinefile=\write4
\openout4 = `Statistical-Methods-I.out'.

LaTeX Font Info:    Font shape `TU/latinmodern-math.otf(1)/m/n' will be
(Font)              scaled to size 12.0pt on input line 118.
LaTeX Font Info:    Font shape `TU/latinmodern-math.otf(1)/m/n' will be
(Font)              scaled to size 8.0pt on input line 118.
LaTeX Font Info:    Font shape `TU/latinmodern-math.otf(1)/m/n' will be
(Font)              scaled to size 6.0pt on input line 118.
LaTeX Font Info:    Trying to load font information for OML+lmm on input line 1
18.
(/Users/dls354/Library/TinyTeX/texmf-dist/tex/latex/lm/omllmm.fd
File: omllmm.fd 2009/10/30 v1.6 Font defs for Latin Modern
)
LaTeX Font Info:    Font shape `TU/latinmodern-math.otf(2)/m/n' will be
(Font)              scaled to size 12.0011pt on input line 118.
LaTeX Font Info:    Font shape `TU/latinmodern-math.otf(2)/m/n' will be
(Font)              scaled to size 8.00073pt on input line 118.
LaTeX Font Info:    Font shape `TU/latinmodern-math.otf(2)/m/n' will be
(Font)              scaled to size 6.00055pt on input line 118.
LaTeX Font Info:    Font shape `TU/latinmodern-math.otf(3)/m/n' will be
(Font)              scaled to size 11.99872pt on input line 118.
LaTeX Font Info:    Font shape `TU/latinmodern-math.otf(3)/m/n' will be
(Font)              scaled to size 7.99915pt on input line 118.
LaTeX Font Info:    Font shape `TU/latinmodern-math.otf(3)/m/n' will be
(Font)              scaled to size 5.99936pt on input line 118.
LaTeX Font Info:    Trying to load font information for U+msa on input line 118
.
(/Users/dls354/Library/TinyTeX/texmf-dist/tex/latex/amsfonts/umsa.fd
File: umsa.fd 2013/01/14 v3.01 AMS symbols A
)
LaTeX Font Info:    Trying to load font information for U+msb on input line 118
.
(/Users/dls354/Library/TinyTeX/texmf-dist/tex/latex/amsfonts/umsb.fd
File: umsb.fd 2013/01/14 v3.01 AMS symbols B
) [1


] [2

] (./Statistical-Methods-I.toc
LaTeX Font Info:    Font shape `TU/latinmodern-math.otf(1)/m/n' will be
(Font)              scaled to size 7.0pt on input line 2.
LaTeX Font Info:    Font shape `TU/latinmodern-math.otf(1)/m/n' will be
(Font)              scaled to size 5.0pt on input line 2.
LaTeX Font Info:    Font shape `TU/latinmodern-math.otf(2)/m/n' will be
(Font)              scaled to size 10.00092pt on input line 2.
LaTeX Font Info:    Font shape `TU/latinmodern-math.otf(2)/m/n' will be
(Font)              scaled to size 7.00064pt on input line 2.
LaTeX Font Info:    Font shape `TU/latinmodern-math.otf(2)/m/n' will be
(Font)              scaled to size 5.00046pt on input line 2.
LaTeX Font Info:    Font shape `TU/latinmodern-math.otf(3)/m/n' will be
(Font)              scaled to size 9.99893pt on input line 2.
LaTeX Font Info:    Font shape `TU/latinmodern-math.otf(3)/m/n' will be
(Font)              scaled to size 6.99925pt on input line 2.
LaTeX Font Info:    Font shape `TU/latinmodern-math.otf(3)/m/n' will be
(Font)              scaled to size 4.99947pt on input line 2.
[3] [4] [5])
\tf@toc=\write5
\openout5 = `Statistical-Methods-I.toc'.

[6] [7

] [8]
Chapter 1.
LaTeX Font Info:    Font shape `TU/lmtt/bx/n' in size <10> not available
(Font)              Font shape `TU/lmtt/b/n' tried instead on input line 163.
[9

] [10] [11] [12] [13]
File: 01_Data_Summary_files/figure-latex/unnamed-chunk-6-1.pdf Graphic file (ty
pe pdf)
<use 01_Data_Summary_files/figure-latex/unnamed-chunk-6-1.pdf>
[14]
File: 01_Data_Summary_files/figure-latex/unnamed-chunk-7-1.pdf Graphic file (ty
pe pdf)
<use 01_Data_Summary_files/figure-latex/unnamed-chunk-7-1.pdf>
File: 01_Data_Summary_files/figure-latex/unnamed-chunk-8-1.pdf Graphic file (ty
pe pdf)
<use 01_Data_Summary_files/figure-latex/unnamed-chunk-8-1.pdf>
[15]
File: 01_Data_Summary_files/figure-latex/unnamed-chunk-9-1.pdf Graphic file (ty
pe pdf)
<use 01_Data_Summary_files/figure-latex/unnamed-chunk-9-1.pdf>
File: 01_Data_Summary_files/figure-latex/unnamed-chunk-10-1.pdf Graphic file (t
ype pdf)
<use 01_Data_Summary_files/figure-latex/unnamed-chunk-10-1.pdf>

Underfull \vbox (badness 3240) has occurred while \output is active []

[16]
File: 01_Data_Summary_files/figure-latex/unnamed-chunk-11-1.pdf Graphic file (t
ype pdf)
<use 01_Data_Summary_files/figure-latex/unnamed-chunk-11-1.pdf>
[17]
File: 01_Data_Summary_files/figure-latex/unnamed-chunk-12-1.pdf Graphic file (t
ype pdf)
<use 01_Data_Summary_files/figure-latex/unnamed-chunk-12-1.pdf>
File: 01_Data_Summary_files/figure-latex/unnamed-chunk-13-1.pdf Graphic file (t
ype pdf)
<use 01_Data_Summary_files/figure-latex/unnamed-chunk-13-1.pdf>
[18] [19]
File: 01_Data_Summary_files/figure-latex/unnamed-chunk-16-1.pdf Graphic file (t
ype pdf)
<use 01_Data_Summary_files/figure-latex/unnamed-chunk-16-1.pdf>
[20] [21] [22]
Underfull \hbox (badness 10000) in paragraph at lines 747--749

 []

[23] [24] [25]
Overfull \hbox (17.25pt too wide) in paragraph at lines 898--898
[]\TU/lmtt/m/n/10 ## []summarise()[] ungrouping output (override with [].groups
[] argument)[] 
 []

File: 01_Data_Summary_files/figure-latex/unnamed-chunk-25-1.pdf Graphic file (t
ype pdf)
<use 01_Data_Summary_files/figure-latex/unnamed-chunk-25-1.pdf>

Underfull \vbox (badness 10000) has occurred while \output is active []

[26]
File: 01_Data_Summary_files/figure-latex/unnamed-chunk-26-1.pdf Graphic file (t
ype pdf)
<use 01_Data_Summary_files/figure-latex/unnamed-chunk-26-1.pdf>
File: 01_Data_Summary_files/figure-latex/unnamed-chunk-27-1.pdf Graphic file (t
ype pdf)
<use 01_Data_Summary_files/figure-latex/unnamed-chunk-27-1.pdf>
[27] [28] [29]
File: 01_Data_Summary_files/figure-latex/unnamed-chunk-30-1.pdf Graphic file (t
ype pdf)
<use 01_Data_Summary_files/figure-latex/unnamed-chunk-30-1.pdf>
File: 01_Data_Summary_files/figure-latex/unnamed-chunk-31-1.pdf Graphic file (t
ype pdf)
<use 01_Data_Summary_files/figure-latex/unnamed-chunk-31-1.pdf>

Underfull \vbox (badness 3260) has occurred while \output is active []

[30]
File: 01_Data_Summary_files/figure-latex/unnamed-chunk-32-1.pdf Graphic file (t
ype pdf)
<use 01_Data_Summary_files/figure-latex/unnamed-chunk-32-1.pdf>
[31]
Underfull \hbox (badness 1112) in paragraph at lines 1194--1198
\TU/lmr/m/it/10 rand.sample\TU/lmr/m/n/10 . Assign each value to variables with
 the names
 []


Underfull \hbox (badness 10000) in paragraph at lines 1194--1198

 []


Underfull \hbox (badness 1762) in paragraph at lines 1210--1215
\TU/lmr/m/it/10 rand.sample.2 \TU/lmr/m/n/10 and save them as variables named \
TU/lmr/m/it/10 step2.mean\TU/lmr/m/n/10 ,
 []

[32]
Chapter 2.
File: 02_Probability_files/figure-latex/unnamed-chunk-3-1.pdf Graphic file (typ
e pdf)
<use 02_Probability_files/figure-latex/unnamed-chunk-3-1.pdf>
[33

]
File: 02_Probability_files/figure-latex/unnamed-chunk-4-1.pdf Graphic file (typ
e pdf)
<use 02_Probability_files/figure-latex/unnamed-chunk-4-1.pdf>
File: 02_Probability_files/figure-latex/unnamed-chunk-5-1.pdf Graphic file (typ
e pdf)
<use 02_Probability_files/figure-latex/unnamed-chunk-5-1.pdf>

Underfull \vbox (badness 6445) has occurred while \output is active []

[34]
File: 02_Probability_files/figure-latex/unnamed-chunk-6-1.pdf Graphic file (typ
e pdf)
<use 02_Probability_files/figure-latex/unnamed-chunk-6-1.pdf>
File: 02_Probability_files/figure-latex/unnamed-chunk-7-1.pdf Graphic file (typ
e pdf)
<use 02_Probability_files/figure-latex/unnamed-chunk-7-1.pdf>
[35]
File: 02_Probability_files/figure-latex/unnamed-chunk-8-1.pdf Graphic file (typ
e pdf)
<use 02_Probability_files/figure-latex/unnamed-chunk-8-1.pdf>
File: 02_Probability_files/figure-latex/unnamed-chunk-9-1.pdf Graphic file (typ
e pdf)
<use 02_Probability_files/figure-latex/unnamed-chunk-9-1.pdf>
[36]
File: 02_Probability_files/figure-latex/unnamed-chunk-10-1.pdf Graphic file (ty
pe pdf)
<use 02_Probability_files/figure-latex/unnamed-chunk-10-1.pdf>
[37]
File: 02_Probability_files/figure-latex/unnamed-chunk-11-1.pdf Graphic file (ty
pe pdf)
<use 02_Probability_files/figure-latex/unnamed-chunk-11-1.pdf>
File: 02_Probability_files/figure-latex/unnamed-chunk-12-1.pdf Graphic file (ty
pe pdf)
<use 02_Probability_files/figure-latex/unnamed-chunk-12-1.pdf>
[38]
Overfull \hbox (36.57603pt too wide) detected at line 1369
[][]
 []

[39]
Underfull \hbox (badness 1478) in paragraph at lines 1400--1401
[]\TU/lmr/m/n/10 Suppose that convertibles make up just 10% of the domestic aut
omo-
 []


Overfull \hbox (103.83377pt too wide) detected at line 1429
[][]
 []

[40] [41]
File: 02_Probability_files/figure-latex/unnamed-chunk-13-1.pdf Graphic file (ty
pe pdf)
<use 02_Probability_files/figure-latex/unnamed-chunk-13-1.pdf>

Overfull \hbox (2.862pt too wide) detected at line 1525
[][]
 []

[42]
File: 02_Probability_files/figure-latex/unnamed-chunk-14-1.pdf Graphic file (ty
pe pdf)
<use 02_Probability_files/figure-latex/unnamed-chunk-14-1.pdf>
[43] [44]
Overfull \hbox (110.02527pt too wide) detected at line 1629
[][]
 []

[45] [46]

Package amsmath Warning: Foreign command \atopwithdelims;
(amsmath)                \frac or \genfrac should be used instead
(amsmath)                 on input line 1738.

File: 02_Probability_files/figure-latex/unnamed-chunk-15-1.pdf Graphic file (ty
pe pdf)
<use 02_Probability_files/figure-latex/unnamed-chunk-15-1.pdf>
[47] [48]
File: 02_Probability_files/figure-latex/unnamed-chunk-17-1.pdf Graphic file (ty
pe pdf)
<use 02_Probability_files/figure-latex/unnamed-chunk-17-1.pdf>
[49] [50]
File: 02_Probability_files/figure-latex/unnamed-chunk-19-1.pdf Graphic file (ty
pe pdf)
<use 02_Probability_files/figure-latex/unnamed-chunk-19-1.pdf>
[51] [52]
File: 02_Probability_files/figure-latex/unnamed-chunk-20-1.pdf Graphic file (ty
pe pdf)
<use 02_Probability_files/figure-latex/unnamed-chunk-20-1.pdf>
File: 02_Probability_files/figure-latex/unnamed-chunk-21-1.pdf Graphic file (ty
pe pdf)
<use 02_Probability_files/figure-latex/unnamed-chunk-21-1.pdf>
[53]
File: 02_Probability_files/figure-latex/unnamed-chunk-22-1.pdf Graphic file (ty
pe pdf)
<use 02_Probability_files/figure-latex/unnamed-chunk-22-1.pdf>
[54]
File: 02_Probability_files/figure-latex/unnamed-chunk-23-1.pdf Graphic file (ty
pe pdf)
<use 02_Probability_files/figure-latex/unnamed-chunk-23-1.pdf>
[55]
File: 02_Probability_files/figure-latex/unnamed-chunk-25-1.pdf Graphic file (ty
pe pdf)
<use 02_Probability_files/figure-latex/unnamed-chunk-25-1.pdf>
File: 02_Probability_files/figure-latex/unnamed-chunk-26-1.pdf Graphic file (ty
pe pdf)
<use 02_Probability_files/figure-latex/unnamed-chunk-26-1.pdf>
[56] [57]
File: 02_Probability_files/figure-latex/unnamed-chunk-29-1.pdf Graphic file (ty
pe pdf)
<use 02_Probability_files/figure-latex/unnamed-chunk-29-1.pdf>
[58] [59] [60] [61] [62

]
Chapter 3.
[63]
File: 03_Bootstrapping_files/figure-latex/unnamed-chunk-4-1.pdf Graphic file (t
ype pdf)
<use 03_Bootstrapping_files/figure-latex/unnamed-chunk-4-1.pdf>
[64]
File: 03_Bootstrapping_files/figure-latex/unnamed-chunk-8-1.pdf Graphic file (t
ype pdf)
<use 03_Bootstrapping_files/figure-latex/unnamed-chunk-8-1.pdf>
[65] [66]
File: 03_Bootstrapping_files/figure-latex/unnamed-chunk-13-1.pdf Graphic file (
type pdf)
<use 03_Bootstrapping_files/figure-latex/unnamed-chunk-13-1.pdf>
File: 03_Bootstrapping_files/figure-latex/unnamed-chunk-14-1.pdf Graphic file (
type pdf)
<use 03_Bootstrapping_files/figure-latex/unnamed-chunk-14-1.pdf>
[67]
File: 03_Bootstrapping_files/figure-latex/unnamed-chunk-15-1.pdf Graphic file (
type pdf)
<use 03_Bootstrapping_files/figure-latex/unnamed-chunk-15-1.pdf>
File: 03_Bootstrapping_files/figure-latex/unnamed-chunk-16-1.pdf Graphic file (
type pdf)
<use 03_Bootstrapping_files/figure-latex/unnamed-chunk-16-1.pdf>
[68]
File: 03_Bootstrapping_files/figure-latex/unnamed-chunk-17-1.pdf Graphic file (
type pdf)
<use 03_Bootstrapping_files/figure-latex/unnamed-chunk-17-1.pdf>

Underfull \vbox (badness 10000) has occurred while \output is active []

[69] [70] [71]
File: 03_Bootstrapping_files/figure-latex/unnamed-chunk-20-1.pdf Graphic file (
type pdf)
<use 03_Bootstrapping_files/figure-latex/unnamed-chunk-20-1.pdf>
[72]
File: 03_Bootstrapping_files/figure-latex/unnamed-chunk-21-1.pdf Graphic file (
type pdf)
<use 03_Bootstrapping_files/figure-latex/unnamed-chunk-21-1.pdf>
File: 03_Bootstrapping_files/figure-latex/unnamed-chunk-23-1.pdf Graphic file (
type pdf)
<use 03_Bootstrapping_files/figure-latex/unnamed-chunk-23-1.pdf>
[73] [74] [75] [76]
Chapter 4.
LaTeX Font Info:    Font shape `TU/latinmodern-math.otf(1)/m/n' will be
(Font)              scaled to size 24.88pt on input line 3008.
LaTeX Font Info:    Font shape `TU/latinmodern-math.otf(1)/m/n' will be
(Font)              scaled to size 20.74pt on input line 3008.
LaTeX Font Info:    Font shape `TU/latinmodern-math.otf(1)/m/n' will be
(Font)              scaled to size 17.28pt on input line 3008.
LaTeX Font Info:    Font shape `TU/latinmodern-math.otf(2)/m/n' will be
(Font)              scaled to size 24.88228pt on input line 3008.
LaTeX Font Info:    Font shape `TU/latinmodern-math.otf(2)/m/n' will be
(Font)              scaled to size 20.7419pt on input line 3008.
LaTeX Font Info:    Font shape `TU/latinmodern-math.otf(2)/m/n' will be
(Font)              scaled to size 17.28157pt on input line 3008.
LaTeX Font Info:    Font shape `TU/latinmodern-math.otf(3)/m/n' will be
(Font)              scaled to size 24.87733pt on input line 3008.
LaTeX Font Info:    Font shape `TU/latinmodern-math.otf(3)/m/n' will be
(Font)              scaled to size 20.73778pt on input line 3008.
LaTeX Font Info:    Font shape `TU/latinmodern-math.otf(3)/m/n' will be
(Font)              scaled to size 17.27815pt on input line 3008.
[77

]
File: 04_SamplingDistribution_files/figure-latex/unnamed-chunk-3-1.pdf Graphic 
file (type pdf)
<use 04_SamplingDistribution_files/figure-latex/unnamed-chunk-3-1.pdf>

Overfull \hbox (1.5pt too wide) in paragraph at lines 3071--3071
[]\TU/lmtt/m/n/10 ## [1]  1.398413  8.255088 10.107422  2.786150  7.521939  1.7
88287[] 
 []

[78]
File: 04_SamplingDistribution_files/figure-latex/unnamed-chunk-7-1.pdf Graphic 
file (type pdf)
<use 04_SamplingDistribution_files/figure-latex/unnamed-chunk-7-1.pdf>
[79] [80]
LaTeX Font Info:    Font shape `TU/latinmodern-math.otf(1)/m/n' will be
(Font)              scaled to size 14.4pt on input line 3191.
LaTeX Font Info:    Font shape `TU/latinmodern-math.otf(2)/m/n' will be
(Font)              scaled to size 14.4013pt on input line 3191.
LaTeX Font Info:    Font shape `TU/latinmodern-math.otf(3)/m/n' will be
(Font)              scaled to size 14.39845pt on input line 3191.
[81] [82]
File: 04_SamplingDistribution_files/figure-latex/unnamed-chunk-8-1.pdf Graphic 
file (type pdf)
<use 04_SamplingDistribution_files/figure-latex/unnamed-chunk-8-1.pdf>
[83] [84] [85] [86]
Chapter 5.
[87

] [88]
File: 05_ConfidenceIntervals_files/figure-latex/unnamed-chunk-3-1.pdf Graphic f
ile (type pdf)
<use 05_ConfidenceIntervals_files/figure-latex/unnamed-chunk-3-1.pdf>
[89]
Overfull \hbox (269.25pt too wide) in paragraph at lines 3541--3541
[]\TU/lmtt/m/n/10 ## Installing 10 packages: pillar, cli, vctrs, processx, rstu
dioapi, rprojroot, waldo, colorspace, isoband, lubridate[] 
 []


Overfull \hbox (38.25pt too wide) in paragraph at lines 3552--3552
[]\TU/lmtt/m/n/10 ##   There is a binary version available but the source versi
on is later:[] 
 []


Overfull \hbox (96.0pt too wide) in paragraph at lines 3552--3552
[]\TU/lmtt/m/n/10 ##  /var/folders/d1/drs_scp95wd_s6zsdksk312m0000gn/T//RtmpqwQ
T26/downloaded_packages[] 
 []

[90]
Overfull \hbox (489.75pt too wide) in paragraph at lines 3584--3584
[]   \TU/lmtt/m/n/10 checking for file ‘/private/var/folders/d1/drs_scp95wd_s6z
sdksk312m0000gn/T/RtmpqwQT26/remotes86933ff75901/dereksonderegger-dsTools-0b697
ba/DESCRIPTION’ ...[] 
 []


Overfull \hbox (468.75pt too wide) in paragraph at lines 3584--3584
[]\TU/lmtt/m/n/10 v  checking for file ‘/private/var/folders/d1/drs_scp95wd_s6z
sdksk312m0000gn/T/RtmpqwQT26/remotes86933ff75901/dereksonderegger-dsTools-0b697
ba/DESCRIPTION’[] 
 []


Overfull \hbox (43.5pt too wide) in paragraph at lines 3584--3584
[]\TU/lmtt/m/n/10 -  checking for LF line-endings in source and make files and 
shell scripts[] 
 []


Overfull \hbox (27.75pt too wide) in paragraph at lines 3592--3592
[]\TU/lmtt/m/n/10 ## Warning in is.na(x): is.na() applied to non-(list or vecto
r) of type[] 
 []


Overfull \hbox (27.75pt too wide) in paragraph at lines 3592--3592
[]\TU/lmtt/m/n/10 ## Warning in is.na(x): is.na() applied to non-(list or vecto
r) of type[] 
 []

File: 05_ConfidenceIntervals_files/figure-latex/unnamed-chunk-4-1.pdf Graphic f
ile (type pdf)
<use 05_ConfidenceIntervals_files/figure-latex/unnamed-chunk-4-1.pdf>
File: 05_ConfidenceIntervals_files/figure-latex/unnamed-chunk-5-1.pdf Graphic f
ile (type pdf)
<use 05_ConfidenceIntervals_files/figure-latex/unnamed-chunk-5-1.pdf>
[91] [92] [93] [94] [95] [96]
Chapter 6.
[97

]
File: 06_HypothesisTests_files/figure-latex/unnamed-chunk-4-1.pdf Graphic file 
(type pdf)
<use 06_HypothesisTests_files/figure-latex/unnamed-chunk-4-1.pdf>

Overfull \hbox (9.10233pt too wide) has occurred while \output is active
\TU/lmr/m/n/10 98 \TU/lmr/m/sl/10 CHAPTER 6.  HYPOTHESIS TESTS FOR THE MEAN OF 
A POPULATION
 []

[98] [99]
Underfull \vbox (badness 1460) has occurred while \output is active []


Overfull \hbox (14.10233pt too wide) has occurred while \output is active
\TU/lmr/m/n/10 100 \TU/lmr/m/sl/10 CHAPTER 6.  HYPOTHESIS TESTS FOR THE MEAN OF
 A POPULATION
 []

[100]
File: 06_HypothesisTests_files/figure-latex/unnamed-chunk-5-1.pdf Graphic file 
(type pdf)
<use 06_HypothesisTests_files/figure-latex/unnamed-chunk-5-1.pdf>
[101]
Overfull \hbox (14.10233pt too wide) has occurred while \output is active
\TU/lmr/m/n/10 102 \TU/lmr/m/sl/10 CHAPTER 6.  HYPOTHESIS TESTS FOR THE MEAN OF
 A POPULATION
 []

[102]
File: 06_HypothesisTests_files/figure-latex/unnamed-chunk-6-1.pdf Graphic file 
(type pdf)
<use 06_HypothesisTests_files/figure-latex/unnamed-chunk-6-1.pdf>
File: 06_HypothesisTests_files/figure-latex/unnamed-chunk-7-1.pdf Graphic file 
(type pdf)
<use 06_HypothesisTests_files/figure-latex/unnamed-chunk-7-1.pdf>

Underfull \vbox (badness 2376) has occurred while \output is active []

[103]
Overfull \hbox (14.10233pt too wide) has occurred while \output is active
\TU/lmr/m/n/10 104 \TU/lmr/m/sl/10 CHAPTER 6.  HYPOTHESIS TESTS FOR THE MEAN OF
 A POPULATION
 []

[104] [105]
Overfull \hbox (14.10233pt too wide) has occurred while \output is active
\TU/lmr/m/n/10 106 \TU/lmr/m/sl/10 CHAPTER 6.  HYPOTHESIS TESTS FOR THE MEAN OF
 A POPULATION
 []

[106] [107]
Overfull \hbox (14.10233pt too wide) has occurred while \output is active
\TU/lmr/m/n/10 108 \TU/lmr/m/sl/10 CHAPTER 6.  HYPOTHESIS TESTS FOR THE MEAN OF
 A POPULATION
 []

[108] [109]
Overfull \hbox (22.40002pt too wide) in paragraph at lines 4232--4233
[]\TU/lmr/m/n/10 The \TU/lmtt/m/n/10 t.test() \TU/lmr/m/n/10 function supports 
testing one-sided alternatives (\TU/lmtt/m/n/10 alternative=[]less[]
 []


Overfull \vbox (13.18344pt too high) has occurred while \output is active []


Overfull \hbox (14.10233pt too wide) has occurred while \output is active
\TU/lmr/m/n/10 110 \TU/lmr/m/sl/10 CHAPTER 6.  HYPOTHESIS TESTS FOR THE MEAN OF
 A POPULATION
 []

[110] [111]
File: 06_HypothesisTests_files/figure-latex/unnamed-chunk-12-1.pdf Graphic file
 (type pdf)
<use 06_HypothesisTests_files/figure-latex/unnamed-chunk-12-1.pdf>

Overfull \hbox (14.10233pt too wide) has occurred while \output is active
\TU/lmr/m/n/10 112 \TU/lmr/m/sl/10 CHAPTER 6.  HYPOTHESIS TESTS FOR THE MEAN OF
 A POPULATION
 []

[112]
File: 06_HypothesisTests_files/figure-latex/unnamed-chunk-13-1.pdf Graphic file
 (type pdf)
<use 06_HypothesisTests_files/figure-latex/unnamed-chunk-13-1.pdf>
[113]
File: 06_HypothesisTests_files/figure-latex/unnamed-chunk-14-1.pdf Graphic file
 (type pdf)
<use 06_HypothesisTests_files/figure-latex/unnamed-chunk-14-1.pdf>

Overfull \hbox (14.10233pt too wide) has occurred while \output is active
\TU/lmr/m/n/10 114 \TU/lmr/m/sl/10 CHAPTER 6.  HYPOTHESIS TESTS FOR THE MEAN OF
 A POPULATION
 []

[114] [115]
Overfull \hbox (14.10233pt too wide) has occurred while \output is active
\TU/lmr/m/n/10 116 \TU/lmr/m/sl/10 CHAPTER 6.  HYPOTHESIS TESTS FOR THE MEAN OF
 A POPULATION
 []

[116]
File: 06_HypothesisTests_files/figure-latex/unnamed-chunk-19-1.pdf Graphic file
 (type pdf)
<use 06_HypothesisTests_files/figure-latex/unnamed-chunk-19-1.pdf>

Underfull \hbox (badness 1270) in paragraph at lines 4481--4482
\TU/lmr/m/n/10 ability of a Type II error. That is, calculate the value of
 []

[117]
Overfull \hbox (14.10233pt too wide) has occurred while \output is active
\TU/lmr/m/n/10 118 \TU/lmr/m/sl/10 CHAPTER 6.  HYPOTHESIS TESTS FOR THE MEAN OF
 A POPULATION
 []

[118]
Chapter 7.
[119

]
Overfull \hbox (64.80453pt too wide) has occurred while \output is active
\TU/lmr/m/n/10 120 \TU/lmr/m/sl/10 CHAPTER 7.  TWO-SAMPLE HYPOTHESIS TESTS AND 
CONFIDENCE INTERVALS
 []

[120]
Overfull \hbox (75.0pt too wide) in paragraph at lines 4561--4561
[]\TU/lmtt/m/n/10 ##  $ Group: Factor w/ 2 levels "Caffeine","NoCaffeine": 1 1 
1 1 1 1 1 1 1 1 ...[] 
 []

[121]
File: 07_Two_Samples_files/figure-latex/unnamed-chunk-4-1.pdf Graphic file (typ
e pdf)
<use 07_Two_Samples_files/figure-latex/unnamed-chunk-4-1.pdf>

Overfull \hbox (64.80453pt too wide) has occurred while \output is active
\TU/lmr/m/n/10 122 \TU/lmr/m/sl/10 CHAPTER 7.  TWO-SAMPLE HYPOTHESIS TESTS AND 
CONFIDENCE INTERVALS
 []

[122] [123]
Overfull \hbox (64.80453pt too wide) has occurred while \output is active
\TU/lmr/m/n/10 124 \TU/lmr/m/sl/10 CHAPTER 7.  TWO-SAMPLE HYPOTHESIS TESTS AND 
CONFIDENCE INTERVALS
 []

[124]
File: 07_Two_Samples_files/figure-latex/unnamed-chunk-12-1.pdf Graphic file (ty
pe pdf)
<use 07_Two_Samples_files/figure-latex/unnamed-chunk-12-1.pdf>
[125]
Overfull \hbox (64.80453pt too wide) has occurred while \output is active
\TU/lmr/m/n/10 126 \TU/lmr/m/sl/10 CHAPTER 7.  TWO-SAMPLE HYPOTHESIS TESTS AND 
CONFIDENCE INTERVALS
 []

[126] [127]
File: 07_Two_Samples_files/figure-latex/unnamed-chunk-19-1.pdf Graphic file (ty
pe pdf)
<use 07_Two_Samples_files/figure-latex/unnamed-chunk-19-1.pdf>

Overfull \hbox (64.80453pt too wide) has occurred while \output is active
\TU/lmr/m/n/10 128 \TU/lmr/m/sl/10 CHAPTER 7.  TWO-SAMPLE HYPOTHESIS TESTS AND 
CONFIDENCE INTERVALS
 []

[128] [129]
Overfull \hbox (64.80453pt too wide) has occurred while \output is active
\TU/lmr/m/n/10 130 \TU/lmr/m/sl/10 CHAPTER 7.  TWO-SAMPLE HYPOTHESIS TESTS AND 
CONFIDENCE INTERVALS
 []

[130] [131]
Overfull \hbox (17.25pt too wide) in paragraph at lines 4991--4991
[]\TU/lmtt/m/n/10 ## alternative hypothesis: true difference in means is not eq
ual to 0[] 
 []


Overfull \hbox (64.80453pt too wide) has occurred while \output is active
\TU/lmr/m/n/10 132 \TU/lmr/m/sl/10 CHAPTER 7.  TWO-SAMPLE HYPOTHESIS TESTS AND 
CONFIDENCE INTERVALS
 []

[132] [133]
Overfull \hbox (17.25pt too wide) in paragraph at lines 5055--5055
[]\TU/lmtt/m/n/10 ## []summarise()[] ungrouping output (override with [].groups
[] argument)[] 
 []


Overfull \hbox (64.80453pt too wide) has occurred while \output is active
\TU/lmr/m/n/10 134 \TU/lmr/m/sl/10 CHAPTER 7.  TWO-SAMPLE HYPOTHESIS TESTS AND 
CONFIDENCE INTERVALS
 []

[134]
Overfull \hbox (17.25pt too wide) in paragraph at lines 5080--5080
[]\TU/lmtt/m/n/10 ## []summarise()[] ungrouping output (override with [].groups
[] argument)[] 
 []

[135]
Overfull \hbox (17.25pt too wide) in paragraph at lines 5156--5156
[]\TU/lmtt/m/n/10 ## alternative hypothesis: true difference in means is not eq
ual to 0[] 
 []


Overfull \hbox (17.25pt too wide) in paragraph at lines 5179--5179
[]\TU/lmtt/m/n/10 ## alternative hypothesis: true difference in means is not eq
ual to 0[] 
 []


Overfull \hbox (64.80453pt too wide) has occurred while \output is active
\TU/lmr/m/n/10 136 \TU/lmr/m/sl/10 CHAPTER 7.  TWO-SAMPLE HYPOTHESIS TESTS AND 
CONFIDENCE INTERVALS
 []

[136]
File: 07_Two_Samples_files/figure-latex/unnamed-chunk-30-1.pdf Graphic file (ty
pe pdf)
<use 07_Two_Samples_files/figure-latex/unnamed-chunk-30-1.pdf>
[137]
Overfull \hbox (64.80453pt too wide) has occurred while \output is active
\TU/lmr/m/n/10 138 \TU/lmr/m/sl/10 CHAPTER 7.  TWO-SAMPLE HYPOTHESIS TESTS AND 
CONFIDENCE INTERVALS
 []

[138]
File: 07_Two_Samples_files/figure-latex/unnamed-chunk-34-1.pdf Graphic file (ty
pe pdf)
<use 07_Two_Samples_files/figure-latex/unnamed-chunk-34-1.pdf>
[139]
Overfull \hbox (17.25pt too wide) in paragraph at lines 5321--5321
[]\TU/lmtt/m/n/10 ## alternative hypothesis: true difference in means is not eq
ual to 0[] 
 []


Overfull \hbox (64.80453pt too wide) has occurred while \output is active
\TU/lmr/m/n/10 140 \TU/lmr/m/sl/10 CHAPTER 7.  TWO-SAMPLE HYPOTHESIS TESTS AND 
CONFIDENCE INTERVALS
 []

[140]
File: 07_Two_Samples_files/figure-latex/unnamed-chunk-39-1.pdf Graphic file (ty
pe pdf)
<use 07_Two_Samples_files/figure-latex/unnamed-chunk-39-1.pdf>

Underfull \vbox (badness 2913) has occurred while \output is active []


Overfull \hbox (11.54344pt too wide) has occurred while \output is active
\TU/lmr/m/sl/10 7.2.  DIFFERENCE IN MEANS BETWEEN TWO GROUPS: PAIRED DATA \TU/l
mr/m/n/10 141
 []

[141]
Overfull \hbox (17.25pt too wide) in paragraph at lines 5410--5410
[]\TU/lmtt/m/n/10 ## alternative hypothesis: true difference in means is greate
r than 0[] 
 []


Overfull \hbox (64.80453pt too wide) has occurred while \output is active
\TU/lmr/m/n/10 142 \TU/lmr/m/sl/10 CHAPTER 7.  TWO-SAMPLE HYPOTHESIS TESTS AND 
CONFIDENCE INTERVALS
 []

[142]
File: 07_Two_Samples_files/figure-latex/unnamed-chunk-41-1.pdf Graphic file (ty
pe pdf)
<use 07_Two_Samples_files/figure-latex/unnamed-chunk-41-1.pdf>

Overfull \hbox (11.54344pt too wide) has occurred while \output is active
\TU/lmr/m/sl/10 7.2.  DIFFERENCE IN MEANS BETWEEN TWO GROUPS: PAIRED DATA \TU/l
mr/m/n/10 143
 []

[143]
Overfull \hbox (64.80453pt too wide) has occurred while \output is active
\TU/lmr/m/n/10 144 \TU/lmr/m/sl/10 CHAPTER 7.  TWO-SAMPLE HYPOTHESIS TESTS AND 
CONFIDENCE INTERVALS
 []

[144]
Overfull \hbox (11.54344pt too wide) has occurred while \output is active
\TU/lmr/m/sl/10 7.2.  DIFFERENCE IN MEANS BETWEEN TWO GROUPS: PAIRED DATA \TU/l
mr/m/n/10 145
 []

[145]
File: 07_Two_Samples_files/figure-latex/unnamed-chunk-49-1.pdf Graphic file (ty
pe pdf)
<use 07_Two_Samples_files/figure-latex/unnamed-chunk-49-1.pdf>
File: 07_Two_Samples_files/figure-latex/unnamed-chunk-50-1.pdf Graphic file (ty
pe pdf)
<use 07_Two_Samples_files/figure-latex/unnamed-chunk-50-1.pdf>

Underfull \vbox (badness 5119) has occurred while \output is active []


Overfull \hbox (64.80453pt too wide) has occurred while \output is active
\TU/lmr/m/n/10 146 \TU/lmr/m/sl/10 CHAPTER 7.  TWO-SAMPLE HYPOTHESIS TESTS AND 
CONFIDENCE INTERVALS
 []

[146]
Overfull \hbox (11.54344pt too wide) has occurred while \output is active
\TU/lmr/m/sl/10 7.2.  DIFFERENCE IN MEANS BETWEEN TWO GROUPS: PAIRED DATA \TU/l
mr/m/n/10 147
 []

[147]
Overfull \hbox (64.80453pt too wide) has occurred while \output is active
\TU/lmr/m/n/10 148 \TU/lmr/m/sl/10 CHAPTER 7.  TWO-SAMPLE HYPOTHESIS TESTS AND 
CONFIDENCE INTERVALS
 []

[148] [149]
Overfull \hbox (64.80453pt too wide) has occurred while \output is active
\TU/lmr/m/n/10 150 \TU/lmr/m/sl/10 CHAPTER 7.  TWO-SAMPLE HYPOTHESIS TESTS AND 
CONFIDENCE INTERVALS
 []

[150] [151]
Overfull \hbox (64.80453pt too wide) has occurred while \output is active
\TU/lmr/m/n/10 152 \TU/lmr/m/sl/10 CHAPTER 7.  TWO-SAMPLE HYPOTHESIS TESTS AND 
CONFIDENCE INTERVALS
 []

[152

]
Chapter 8.
[153]
File: 08_TestingAssumptions_files/figure-latex/unnamed-chunk-3-1.pdf Graphic fi
le (type pdf)
<use 08_TestingAssumptions_files/figure-latex/unnamed-chunk-3-1.pdf>
File: 08_TestingAssumptions_files/figure-latex/unnamed-chunk-4-1.pdf Graphic fi
le (type pdf)
<use 08_TestingAssumptions_files/figure-latex/unnamed-chunk-4-1.pdf>
File: 08_TestingAssumptions_files/figure-latex/unnamed-chunk-5-1.pdf Graphic fi
le (type pdf)
<use 08_TestingAssumptions_files/figure-latex/unnamed-chunk-5-1.pdf>

Underfull \vbox (badness 6396) has occurred while \output is active []

[154]
File: 08_TestingAssumptions_files/figure-latex/unnamed-chunk-6-1.pdf Graphic fi
le (type pdf)
<use 08_TestingAssumptions_files/figure-latex/unnamed-chunk-6-1.pdf>
File: 08_TestingAssumptions_files/figure-latex/unnamed-chunk-7-1.pdf Graphic fi
le (type pdf)
<use 08_TestingAssumptions_files/figure-latex/unnamed-chunk-7-1.pdf>
[155] [156] [157]
File: 08_TestingAssumptions_files/figure-latex/unnamed-chunk-10-1.pdf Graphic f
ile (type pdf)
<use 08_TestingAssumptions_files/figure-latex/unnamed-chunk-10-1.pdf>
[158]
File: 08_TestingAssumptions_files/figure-latex/unnamed-chunk-11-1.pdf Graphic f
ile (type pdf)
<use 08_TestingAssumptions_files/figure-latex/unnamed-chunk-11-1.pdf>
[159] [160]
File: 08_TestingAssumptions_files/figure-latex/unnamed-chunk-15-1.pdf Graphic f
ile (type pdf)
<use 08_TestingAssumptions_files/figure-latex/unnamed-chunk-15-1.pdf>
[161]
Overfull \hbox (17.25pt too wide) in paragraph at lines 6079--6079
[]\TU/lmtt/m/n/10 ## []summarise()[] ungrouping output (override with [].groups
[] argument)[] 
 []

[162]
Overfull \hbox (12.0pt too wide) in paragraph at lines 6125--6125
[]\TU/lmtt/m/n/10 ## alternative hypothesis: true ratio of variances is not equ
al to 1[] 
 []

[163]
File: 08_TestingAssumptions_files/figure-latex/unnamed-chunk-23-1.pdf Graphic f
ile (type pdf)
<use 08_TestingAssumptions_files/figure-latex/unnamed-chunk-23-1.pdf>
[164]
File: 08_TestingAssumptions_files/figure-latex/unnamed-chunk-25-1.pdf Graphic f
ile (type pdf)
<use 08_TestingAssumptions_files/figure-latex/unnamed-chunk-25-1.pdf>

Overfull \hbox (12.0pt too wide) in paragraph at lines 6219--6219
[]\TU/lmtt/m/n/10 ## alternative hypothesis: true ratio of variances is not equ
al to 1[] 
 []

[165]
File: 08_TestingAssumptions_files/figure-latex/unnamed-chunk-28-1.pdf Graphic f
ile (type pdf)
<use 08_TestingAssumptions_files/figure-latex/unnamed-chunk-28-1.pdf>
[166] [167] [168] [169] [170

]
Chapter 9.
[171]
File: 09_ANOVA_files/figure-latex/unnamed-chunk-3-1.pdf Graphic file (type pdf)

<use 09_ANOVA_files/figure-latex/unnamed-chunk-3-1.pdf>
[172]
File: 09_ANOVA_files/figure-latex/unnamed-chunk-4-1.pdf Graphic file (type pdf)

<use 09_ANOVA_files/figure-latex/unnamed-chunk-4-1.pdf>

Underfull \vbox (badness 1527) has occurred while \output is active []

[173] [174]
Overfull \hbox (17.25pt too wide) in paragraph at lines 6530--6530
[]\TU/lmtt/m/n/10 ## []summarise()[] ungrouping output (override with [].groups
[] argument)[] 
 []

File: 09_ANOVA_files/figure-latex/unnamed-chunk-5-1.pdf Graphic file (type pdf)

<use 09_ANOVA_files/figure-latex/unnamed-chunk-5-1.pdf>
[175]
Overfull \hbox (19.56099pt too wide) in alignment at lines 6536--6540
 [] [] [] [] [] [] 
 []


Overfull \hbox (19.56099pt too wide) in alignment at lines 6540--6545
 [] [] [] [] [] [] 
 []

[176]
Overfull \hbox (4.76747pt too wide) in paragraph at lines 6598--6599
 []\TU/lmr/m/n/10 Source| 
 []


Overfull \hbox (4.79883pt too wide) in alignment at lines 6595--6611
 [] [] [] [] [] [] 
 []


Overfull \hbox (19.33748pt too wide) in paragraph at lines 6613--6614
 []\TU/lmr/m/n/10 Difference| 
 []


Overfull \hbox (2.73491pt too wide) in paragraph at lines 6617--6618
 []$[][][][]$| 
 []


Overfull \hbox (11.5862pt too wide) in paragraph at lines 6623--6624
[]$[][][][] [] 
 []


Overfull \hbox (14.45747pt too wide) in paragraph at lines 6626--6627
 []\TU/lmr/m/n/10 Complex| 
 []


Overfull \hbox (16.52492pt too wide) in paragraph at lines 6630--6631
 []$[][][][]$| 
 []


Overfull \hbox (5.29747pt too wide) in paragraph at lines 6639--6640
 []\TU/lmr/m/n/10 Simple| 
 []


Overfull \hbox (10.98093pt too wide) in paragraph at lines 6643--6644
 []$[][][][]$| 
 []


Overfull \hbox (4.79883pt too wide) in alignment at lines 6611--6652
 [] [] [] [] [] [] 
 []

[177] [178]
Overfull \hbox (38.25pt too wide) in paragraph at lines 6685--6685
[]\TU/lmtt/m/n/10 ##  $ LAI    : num  2.88 2.87 3.23 3.24 3.33 3.83 3.86 4.03 3
.87 4.16 ...[] 
 []


Overfull \hbox (22.5pt too wide) in paragraph at lines 6685--6685
[]\TU/lmtt/m/n/10 ##  $ Species: Factor w/ 3 levels "1","2","3": 1 1 1 1 1 2 2 
2 2 2 ...[] 
 []

File: 09_ANOVA_files/figure-latex/unnamed-chunk-7-1.pdf Graphic file (type pdf)

<use 09_ANOVA_files/figure-latex/unnamed-chunk-7-1.pdf>
[179]
Overfull \hbox (59.25pt too wide) in paragraph at lines 6723--6723
[]\TU/lmtt/m/n/10 ## Call []lifecycle::last_warnings()[] to see where this warn
ing was generated.[] 
 []

File: 09_ANOVA_files/figure-latex/unnamed-chunk-8-1.pdf Graphic file (type pdf)

<use 09_ANOVA_files/figure-latex/unnamed-chunk-8-1.pdf>
[180] [181]
File: 09_ANOVA_files/figure-latex/unnamed-chunk-12-1.pdf Graphic file (type pdf
)
<use 09_ANOVA_files/figure-latex/unnamed-chunk-12-1.pdf>
[182] [183]
Overfull \hbox (38.25pt too wide) in paragraph at lines 6863--6863
[]\TU/lmtt/m/n/10 ## P value adjustment: tukey method for comparing a family of
 5 estimates[] 
 []


Overfull \hbox (38.25pt too wide) in paragraph at lines 6885--6885
[]\TU/lmtt/m/n/10 ## P value adjustment: tukey method for comparing a family of
 5 estimates[] 
 []

[184]
File: 09_ANOVA_files/figure-latex/unnamed-chunk-17-1.pdf Graphic file (type pdf
)
<use 09_ANOVA_files/figure-latex/unnamed-chunk-17-1.pdf>
File: 09_ANOVA_files/figure-latex/unnamed-chunk-18-1.pdf Graphic file (type pdf
)
<use 09_ANOVA_files/figure-latex/unnamed-chunk-18-1.pdf>

Underfull \vbox (badness 1281) has occurred while \output is active []

[185]
Overfull \hbox (59.25pt too wide) in paragraph at lines 6952--6952
[]\TU/lmtt/m/n/10 ## Warning in leveneTest.default(y = y, group = group, ...): 
group coerced to[] 
 []

[186]
Overfull \hbox (38.25pt too wide) in paragraph at lines 7022--7022
[]\TU/lmtt/m/n/10 ## P value adjustment: tukey method for comparing a family of
 3 estimates[] 
 []

[187]
File: 09_ANOVA_files/figure-latex/unnamed-chunk-23-1.pdf Graphic file (type pdf
)
<use 09_ANOVA_files/figure-latex/unnamed-chunk-23-1.pdf>
[188]
File: 09_ANOVA_files/figure-latex/unnamed-chunk-24-1.pdf Graphic file (type pdf
)
<use 09_ANOVA_files/figure-latex/unnamed-chunk-24-1.pdf>
[189] [190] [191]
File: 09_ANOVA_files/figure-latex/unnamed-chunk-29-1.pdf Graphic file (type pdf
)
<use 09_ANOVA_files/figure-latex/unnamed-chunk-29-1.pdf>
[192] [193]
Underfull \hbox (badness 10000) in paragraph at lines 7307--7308

 []

File: 09_ANOVA_files/figure-latex/unnamed-chunk-32-1.pdf Graphic file (type pdf
)
<use 09_ANOVA_files/figure-latex/unnamed-chunk-32-1.pdf>
[194]
File: 09_ANOVA_files/figure-latex/unnamed-chunk-33-1.pdf Graphic file (type pdf
)
<use 09_ANOVA_files/figure-latex/unnamed-chunk-33-1.pdf>

Underfull \vbox (badness 10000) has occurred while \output is active []

[195] [196]
Overfull \hbox (16.20157pt too wide) detected at line 7383
[][][][] [] [] [] [][] [] [] [] [][] [] [] [] [][]
 []


Overfull \hbox (9.77557pt too wide) detected at line 7394
[][][][] [] [] [] [][] [] [] [] [][] [] [] [] [][]
 []

[197] [198]
Chapter 10.
File: 10_Regression_files/figure-latex/unnamed-chunk-4-1.pdf Graphic file (type
 pdf)
<use 10_Regression_files/figure-latex/unnamed-chunk-4-1.pdf>
[199

]
File: 10_Regression_files/figure-latex/unnamed-chunk-5-1.pdf Graphic file (type
 pdf)
<use 10_Regression_files/figure-latex/unnamed-chunk-5-1.pdf>
File: 10_Regression_files/figure-latex/unnamed-chunk-6-1.pdf Graphic file (type
 pdf)
<use 10_Regression_files/figure-latex/unnamed-chunk-6-1.pdf>

Underfull \vbox (badness 10000) has occurred while \output is active []

[200]
File: 10_Regression_files/figure-latex/unnamed-chunk-7-1.pdf Graphic file (type
 pdf)
<use 10_Regression_files/figure-latex/unnamed-chunk-7-1.pdf>
[201]
File: 10_Regression_files/figure-latex/unnamed-chunk-8-1.pdf Graphic file (type
 pdf)
<use 10_Regression_files/figure-latex/unnamed-chunk-8-1.pdf>
[202]
File: 10_Regression_files/figure-latex/unnamed-chunk-9-1.pdf Graphic file (type
 pdf)
<use 10_Regression_files/figure-latex/unnamed-chunk-9-1.pdf>

Underfull \vbox (badness 4913) has occurred while \output is active []

[203] [204]
Overfull \hbox (11.5979pt too wide) in paragraph at lines 7752--7753
 []\TU/lmr/m/n/10 Coefficient| 
 []


Overfull \hbox (1.12979pt too wide) in paragraph at lines 7754--7755
 []\TU/lmr/m/n/10 Estimate| 
 []


Overfull \hbox (4.9679pt too wide) in paragraph at lines 7765--7766
 []\TU/lmr/m/n/10 Intercept| 
 []


Underfull \vbox (badness 10000) has occurred while \output is active []

[205] [206]
Overfull \hbox (4.76747pt too wide) in paragraph at lines 7855--7856
 []\TU/lmr/m/n/10 Source| 
 []


Overfull \hbox (19.33748pt too wide) in paragraph at lines 7870--7871
 []\TU/lmr/m/n/10 Difference| 
 []


Overfull \hbox (2.73491pt too wide) in paragraph at lines 7874--7875
 []$[][][][]$| 
 []


Overfull \hbox (8.52669pt too wide) in paragraph at lines 7880--7881
 []$[][][][] [] 
 []


Overfull \hbox (14.45747pt too wide) in paragraph at lines 7883--7884
 []\TU/lmr/m/n/10 Complex| 
 []


Overfull \hbox (16.52492pt too wide) in paragraph at lines 7887--7888
 []$[][][][]$| 
 []


Overfull \hbox (5.29747pt too wide) in paragraph at lines 7896--7897
 []\TU/lmr/m/n/10 Simple| 
 []


Overfull \hbox (10.98093pt too wide) in paragraph at lines 7900--7901
 []$[][][][]$| 
 []

[207] [208] [209]
File: 10_Regression_files/figure-latex/unnamed-chunk-16-1.pdf Graphic file (typ
e pdf)
<use 10_Regression_files/figure-latex/unnamed-chunk-16-1.pdf>
[210]
File: 10_Regression_files/figure-latex/unnamed-chunk-17-1.pdf Graphic file (typ
e pdf)
<use 10_Regression_files/figure-latex/unnamed-chunk-17-1.pdf>
[211]
File: 10_Regression_files/figure-latex/unnamed-chunk-20-1.pdf Graphic file (typ
e pdf)
<use 10_Regression_files/figure-latex/unnamed-chunk-20-1.pdf>

Underfull \vbox (badness 10000) has occurred while \output is active []

[212]
File: 10_Regression_files/figure-latex/unnamed-chunk-21-1.pdf Graphic file (typ
e pdf)
<use 10_Regression_files/figure-latex/unnamed-chunk-21-1.pdf>
[213]
File: 10_Regression_files/figure-latex/unnamed-chunk-24-1.pdf Graphic file (typ
e pdf)
<use 10_Regression_files/figure-latex/unnamed-chunk-24-1.pdf>
[214]
File: 10_Regression_files/figure-latex/unnamed-chunk-25-1.pdf Graphic file (typ
e pdf)
<use 10_Regression_files/figure-latex/unnamed-chunk-25-1.pdf>

Overfull \hbox (59.25pt too wide) in paragraph at lines 8158--8158
[]\TU/lmtt/m/n/10 ## Call []lifecycle::last_warnings()[] to see where this warn
ing was generated.[] 
 []

File: 10_Regression_files/figure-latex/unnamed-chunk-26-1.pdf Graphic file (typ
e pdf)
<use 10_Regression_files/figure-latex/unnamed-chunk-26-1.pdf>

Underfull \vbox (badness 1281) has occurred while \output is active []

[215]
File: 10_Regression_files/figure-latex/unnamed-chunk-27-1.pdf Graphic file (typ
e pdf)
<use 10_Regression_files/figure-latex/unnamed-chunk-27-1.pdf>

Underfull \vbox (badness 10000) has occurred while \output is active []

[216] [217]
File: 10_Regression_files/figure-latex/unnamed-chunk-29-1.pdf Graphic file (typ
e pdf)
<use 10_Regression_files/figure-latex/unnamed-chunk-29-1.pdf>
[218]
File: 10_Regression_files/figure-latex/unnamed-chunk-30-1.pdf Graphic file (typ
e pdf)
<use 10_Regression_files/figure-latex/unnamed-chunk-30-1.pdf>

Underfull \vbox (badness 10000) has occurred while \output is active []

[219]
File: 10_Regression_files/figure-latex/unnamed-chunk-31-1.pdf Graphic file (typ
e pdf)
<use 10_Regression_files/figure-latex/unnamed-chunk-31-1.pdf>

Underfull \vbox (badness 10000) has occurred while \output is active []

[220]
File: 10_Regression_files/figure-latex/unnamed-chunk-32-1.pdf Graphic file (typ
e pdf)
<use 10_Regression_files/figure-latex/unnamed-chunk-32-1.pdf>
[221]
File: 10_Regression_files/figure-latex/unnamed-chunk-33-1.pdf Graphic file (typ
e pdf)
<use 10_Regression_files/figure-latex/unnamed-chunk-33-1.pdf>

Overfull \vbox (1.59698pt too high) detected at line 8371
 []

[222] [223] [224]
Overfull \hbox (10.52025pt too wide) in alignment at lines 8504--8506
 [] [] [] [] [] [] [] [] [] [] [] [] [] [] [] [] 
 []


Overfull \hbox (10.52025pt too wide) in alignment at lines 8506--8510
 [] [] [] [] [] [] [] [] [] [] [] [] [] [] [] [] 
 []

[225] [226

]
Chapter 11.
[227] [228] [229]
Overfull \hbox (69.75pt too wide) in paragraph at lines 8675--8675
[]\TU/lmtt/m/n/10 ##  $ treatment: Factor w/ 2 levels "mites","no mites": 1 1 1
 1 1 1 1 1 1 1 ...[] 
 []


Overfull \hbox (59.25pt too wide) in paragraph at lines 8675--8675
[]\TU/lmtt/m/n/10 ##  $ outcome  : Factor w/ 2 levels "no wilt","wilt": 2 2 2 2
 2 2 2 2 2 2 ...[] 
 []

[230] [231] [232]
File: 12_ContingencyTables_files/figure-latex/unnamed-chunk-11-1.pdf Graphic fi
le (type pdf)
<use 12_ContingencyTables_files/figure-latex/unnamed-chunk-11-1.pdf>
[233]
Overfull \hbox (17.25pt too wide) in paragraph at lines 8859--8859
[]\TU/lmtt/m/n/10 ##  Pearson[]s Chi-squared test with simulated p-value (based
 on 10000[] 
 []

[234]
Overfull \hbox (17.25pt too wide) in paragraph at lines 8922--8922
[]\TU/lmtt/m/n/10 ##  Pearson[]s Chi-squared test with simulated p-value (based
 on 10000[] 
 []

[235]
File: 12_ContingencyTables_files/figure-latex/unnamed-chunk-16-1.pdf Graphic fi
le (type pdf)
<use 12_ContingencyTables_files/figure-latex/unnamed-chunk-16-1.pdf>
[236] [237]
Overfull \hbox (17.25pt too wide) in paragraph at lines 9048--9048
[]\TU/lmtt/m/n/10 ##  Pearson[]s Chi-squared test with simulated p-value (based
 on 1e+05[] 
 []

[238]
Overfull \hbox (1.34546pt too wide) in alignment at lines 9066--9082
 [] [] [] [] [] [] 
 []


Overfull \hbox (1.34546pt too wide) in alignment at lines 9082--9123
 [] [] [] [] [] [] 
 []

File: 12_ContingencyTables_files/figure-latex/unnamed-chunk-21-1.pdf Graphic fi
le (type pdf)
<use 12_ContingencyTables_files/figure-latex/unnamed-chunk-21-1.pdf>

Underfull \vbox (badness 10000) has occurred while \output is active []

[239] [240]
Overfull \hbox (6.57356pt too wide) detected at line 9189
[][]
 []

LaTeX Font Info:    Font shape `TU/lmtt/bx/n' in size <14.4> not available
(Font)              Font shape `TU/lmtt/b/n' tried instead on input line 9198.
[241

] [242] [243]
Overfull \hbox (17.25pt too wide) in paragraph at lines 9329--9329
[]\TU/lmtt/m/n/10 ## alternative hypothesis: true difference in means is not eq
ual to 0[] 
 []

[244]
File: 90_Resampling_LinearModels_files/figure-latex/unnamed-chunk-9-1.pdf Graph
ic file (type pdf)
<use 90_Resampling_LinearModels_files/figure-latex/unnamed-chunk-9-1.pdf>
[245] [246] [247] [248] [249]
File: 90_Resampling_LinearModels_files/figure-latex/unnamed-chunk-15-1.pdf Grap
hic file (type pdf)
<use 90_Resampling_LinearModels_files/figure-latex/unnamed-chunk-15-1.pdf>
[250]
File: 90_Resampling_LinearModels_files/figure-latex/unnamed-chunk-16-1.pdf Grap
hic file (type pdf)
<use 90_Resampling_LinearModels_files/figure-latex/unnamed-chunk-16-1.pdf>
[251]
Underfull \hbox (badness 10000) in paragraph at lines 9538--9539

 []

LaTeX Font Info:    Font shape `TU/lmtt/bx/n' in size <12> not available
(Font)              Font shape `TU/lmtt/b/n' tried instead on input line 9551.
[252]
File: 90_Resampling_LinearModels_files/figure-latex/unnamed-chunk-18-1.pdf Grap
hic file (type pdf)
<use 90_Resampling_LinearModels_files/figure-latex/unnamed-chunk-18-1.pdf>
[253]
Underfull \hbox (badness 1515) in paragraph at lines 9625--9626
[]\TU/lmr/m/n/10 To utilize the bootstrap confidence intervals, we will use the
 function
 []

File: 90_Resampling_LinearModels_files/figure-latex/unnamed-chunk-22-1.pdf Grap
hic file (type pdf)
<use 90_Resampling_LinearModels_files/figure-latex/unnamed-chunk-22-1.pdf>
[254] [255]
File: 90_Resampling_LinearModels_files/figure-latex/unnamed-chunk-24-1.pdf Grap
hic file (type pdf)
<use 90_Resampling_LinearModels_files/figure-latex/unnamed-chunk-24-1.pdf>
File: 90_Resampling_LinearModels_files/figure-latex/unnamed-chunk-25-1.pdf Grap
hic file (type pdf)
<use 90_Resampling_LinearModels_files/figure-latex/unnamed-chunk-25-1.pdf>

Underfull \vbox (badness 10000) has occurred while \output is active []

[256]
File: 90_Resampling_LinearModels_files/figure-latex/unnamed-chunk-27-1.pdf Grap
hic file (type pdf)
<use 90_Resampling_LinearModels_files/figure-latex/unnamed-chunk-27-1.pdf>
[257] [258] [259]
File: 90_Resampling_LinearModels_files/figure-latex/unnamed-chunk-32-1.pdf Grap
hic file (type pdf)
<use 90_Resampling_LinearModels_files/figure-latex/unnamed-chunk-32-1.pdf>
[260]
File: 90_Resampling_LinearModels_files/figure-latex/unnamed-chunk-34-1.pdf Grap
hic file (type pdf)
<use 90_Resampling_LinearModels_files/figure-latex/unnamed-chunk-34-1.pdf>
[261] [262]
File: 90_Resampling_LinearModels_files/figure-latex/unnamed-chunk-38-1.pdf Grap
hic file (type pdf)
<use 90_Resampling_LinearModels_files/figure-latex/unnamed-chunk-38-1.pdf>
[263] [264]
Underfull \hbox (badness 2529) in paragraph at lines 10120--10121
[]\TU/lmr/m/n/10 The \TU/lmtt/m/n/10 car::Boot() \TU/lmr/m/n/10 function cannot
 handle the grouping, but
 []


Overfull \hbox (71.74992pt too wide) in paragraph at lines 10139--10141
[]\TU/lmr/m/n/10 Call this function using \TU/lmtt/m/n/10 indices = resample(1:
21, groups=Pollution$type)\TU/lmr/m/n/10 .
 []

[265] [266] [267

]
File: 97_Appendix_A_Alternative_Bootstrap_Methods_files/figure-latex/unnamed-ch
unk-3-1.pdf Graphic file (type pdf)
<use 97_Appendix_A_Alternative_Bootstrap_Methods_files/figure-latex/unnamed-chu
nk-3-1.pdf>
File: 97_Appendix_A_Alternative_Bootstrap_Methods_files/figure-latex/unnamed-ch
unk-4-1.pdf Graphic file (type pdf)
<use 97_Appendix_A_Alternative_Bootstrap_Methods_files/figure-latex/unnamed-chu
nk-4-1.pdf>

Underfull \vbox (badness 2126) has occurred while \output is active []

[268]
No file Statistical-Methods-I.bbl.
[269] (./Statistical-Methods-I.aux)
Package rerunfilecheck Info: File `Statistical-Methods-I.out' has not changed.
(rerunfilecheck)             Checksum: 7EB46AF92DF171CEB8C33EF333457725;13252.
 ) 
Here is how much of TeX's memory you used:
 17276 strings out of 479426
 338529 string characters out of 5880085
 769454 words of memory out of 5000000
 36331 multiletter control sequences out of 15000+600000
 545471 words of font info for 117 fonts, out of 8000000 for 9000
 14 hyphenation exceptions out of 8191
 94i,11n,118p,2129b,581s stack positions out of 5000i,500n,10000p,200000b,80000s

Output written on Statistical-Methods-I.pdf (269 pages).
